#
# There is insufficient memory for the Java Runtime Environment to continue.
# Native memory allocation (malloc) failed to allocate 971696 bytes for Chunk::new
# Possible reasons:
#   The system is out of physical RAM or swap space
#   The process is running with CompressedOops enabled, and the Java Heap may be blocking the growth of the native heap
# Possible solutions:
#   Reduce memory load on the system
#   Increase physical memory or swap space
#   Check if swap backing store is full
#   Decrease Java heap size (-Xmx/-Xms)
#   Decrease number of Java threads
#   Decrease Java thread stack sizes (-Xss)
#   Set larger code cache with -XX:ReservedCodeCacheSize=
#   JVM is running with Unscaled Compressed Oops mode in which the Java heap is
#     placed in the first 4GB address space. The Java Heap base address is the
#     maximum limit for the native heap growth. Please use -XX:HeapBaseMinAddress
#     to set the Java Heap base and to place the Java Heap above 4GB virtual address.
# This output file may be truncated or incomplete.
#
#  Out of Memory Error (./src/hotspot/share/memory/arena.cpp:197), pid=15296, tid=2984
#
# JRE version: OpenJDK Runtime Environment AdoptOpenJDK-11.0.11+9 (11.0.11+9) (build 11.0.11+9)
# Java VM: OpenJDK 64-Bit Server VM AdoptOpenJDK-11.0.11+9 (11.0.11+9, mixed mode, tiered, compressed oops, g1 gc, windows-amd64)
# No core dump will be written. Minidumps are not enabled by default on client versions of Windows
#

---------------  S U M M A R Y ------------

Command Line: --module-path=C:/Users/hoang/Downloads/openjfx-17.0.0.1_windows-x64_bin-sdk/javafx-sdk-17.0.0.1/lib --add-modules=javafx.controls,javafx.fxml,javafx.base,javafx.graphics -Dfile.encoding=UTF-8 translator.gui.App

Host: Intel(R) Core(TM) i5-9300H CPU @ 2.40GHz, 8 cores, 7G,  Windows 10 , 64 bit Build 22000 (10.0.22000.120)
Time: Thu Sep 30 22:10:38 2021 SE Asia Standard Time elapsed time: 1.684211 seconds (0d 0h 0m 1s)

---------------  T H R E A D  ---------------

Current thread (0x0000010c44fbb800):  JavaThread "C2 CompilerThread1" daemon [_thread_in_native, id=2984, stack(0x0000000bb2200000,0x0000000bb2300000)]


Current CompileTask:
C2:   1684 1973       4       com.sun.javafx.css.StyleMap::getCascadingStyles (384 bytes)

Stack: [0x0000000bb2200000,0x0000000bb2300000]
Native frames: (J=compiled Java code, j=interpreted, Vv=VM code, C=native code)
V  [jvm.dll+0x5f7e5a]
V  [jvm.dll+0x77ff2e]
V  [jvm.dll+0x7815ff]
V  [jvm.dll+0x781cc3]
V  [jvm.dll+0x247408]
V  [jvm.dll+0xbe69c]
V  [jvm.dll+0xbed9c]
V  [jvm.dll+0x34cb02]
V  [jvm.dll+0x1992e1]
V  [jvm.dll+0x200e92]
V  [jvm.dll+0x1fff6f]
V  [jvm.dll+0x184f1c]
V  [jvm.dll+0x20f3e7]
V  [jvm.dll+0x20d5cb]
V  [jvm.dll+0x7442f9]
V  [jvm.dll+0x73d364]
V  [jvm.dll+0x5f6cd6]
C  [ucrtbase.dll+0x26c0c]
C  [KERNEL32.DLL+0x154e0]
C  [ntdll.dll+0x485b]


---------------  P R O C E S S  ---------------

Threads class SMR info:
_java_thread_list=0x0000010c4d29fd60, length=18, elements={
0x0000010c2541d800, 0x0000010c442dc800, 0x0000010c442df800, 0x0000010c442fc800,
0x0000010c442fe000, 0x0000010c44c73800, 0x0000010c44c76800, 0x0000010c44c77800,
0x0000010c44c78800, 0x0000010c44e00000, 0x0000010c44fbb800, 0x0000010c45218800,
0x0000010c45313800, 0x0000010c45314000, 0x0000010c454fb000, 0x0000010c454d0000,
0x0000010c4aa50000, 0x0000010c4d2af000
}

Java Threads: ( => current thread )
  0x0000010c2541d800 JavaThread "main" [_thread_blocked, id=12864, stack(0x0000000bb1100000,0x0000000bb1200000)]
  0x0000010c442dc800 JavaThread "Reference Handler" daemon [_thread_blocked, id=13604, stack(0x0000000bb1800000,0x0000000bb1900000)]
  0x0000010c442df800 JavaThread "Finalizer" daemon [_thread_blocked, id=1980, stack(0x0000000bb1900000,0x0000000bb1a00000)]
  0x0000010c442fc800 JavaThread "Signal Dispatcher" daemon [_thread_blocked, id=13084, stack(0x0000000bb1a00000,0x0000000bb1b00000)]
  0x0000010c442fe000 JavaThread "Attach Listener" daemon [_thread_blocked, id=3888, stack(0x0000000bb1b00000,0x0000000bb1c00000)]
  0x0000010c44c73800 JavaThread "Service Thread" daemon [_thread_blocked, id=13060, stack(0x0000000bb1c00000,0x0000000bb1d00000)]
  0x0000010c44c76800 JavaThread "C2 CompilerThread0" daemon [_thread_in_native, id=6016, stack(0x0000000bb1d00000,0x0000000bb1e00000)]
  0x0000010c44c77800 JavaThread "C1 CompilerThread0" daemon [_thread_blocked, id=9740, stack(0x0000000bb1e00000,0x0000000bb1f00000)]
  0x0000010c44c78800 JavaThread "Sweeper thread" daemon [_thread_blocked, id=5132, stack(0x0000000bb1f00000,0x0000000bb2000000)]
  0x0000010c44e00000 JavaThread "Common-Cleaner" daemon [_thread_blocked, id=1688, stack(0x0000000bb2000000,0x0000000bb2100000)]
=>0x0000010c44fbb800 JavaThread "C2 CompilerThread1" daemon [_thread_in_native, id=2984, stack(0x0000000bb2200000,0x0000000bb2300000)]
  0x0000010c45218800 JavaThread "QuantumRenderer-0" daemon [_thread_in_native, id=12272, stack(0x0000000bb2300000,0x0000000bb2400000)]
  0x0000010c45313800 JavaThread "InvokeLaterDispatcher" daemon [_thread_blocked, id=1752, stack(0x0000000bb2400000,0x0000000bb2500000)]
  0x0000010c45314000 JavaThread "JavaFX Application Thread" [_thread_in_native, id=18388, stack(0x0000000bb2500000,0x0000000bb2600000)]
  0x0000010c454fb000 JavaThread "JavaFX-Launcher" [_thread_blocked, id=10460, stack(0x0000000bb2a00000,0x0000000bb2b00000)]
  0x0000010c454d0000 JavaThread "Thread-2" daemon [_thread_in_native, id=5072, stack(0x0000000bb2900000,0x0000000bb2a00000)]
  0x0000010c4aa50000 JavaThread "Prism Font Disposer" daemon [_thread_blocked, id=3728, stack(0x0000000bb3300000,0x0000000bb3400000)]
  0x0000010c4d2af000 JavaThread "Cleaner-0" daemon [_thread_blocked, id=11240, stack(0x0000000bb3500000,0x0000000bb3600000)]

Other Threads:
  0x0000010c442b8800 VMThread "VM Thread" [stack: 0x0000000bb1700000,0x0000000bb1800000] [id=7728]
  0x0000010c44fac000 WatcherThread [stack: 0x0000000bb2100000,0x0000000bb2200000] [id=8036]
  0x0000010c25437000 GCTaskThread "GC Thread#0" [stack: 0x0000000bb1200000,0x0000000bb1300000] [id=10608]
  0x0000010c45560800 GCTaskThread "GC Thread#1" [stack: 0x0000000bb2b00000,0x0000000bb2c00000] [id=15584]
  0x0000010c4567b800 GCTaskThread "GC Thread#2" [stack: 0x0000000bb2c00000,0x0000000bb2d00000] [id=13752]
  0x0000010c4a408000 GCTaskThread "GC Thread#3" [stack: 0x0000000bb2d00000,0x0000000bb2e00000] [id=14088]
  0x0000010c4a458800 GCTaskThread "GC Thread#4" [stack: 0x0000000bb2e00000,0x0000000bb2f00000] [id=13648]
  0x0000010c4a627000 GCTaskThread "GC Thread#5" [stack: 0x0000000bb2f00000,0x0000000bb3000000] [id=16468]
  0x0000010c25466000 ConcurrentGCThread "G1 Main Marker" [stack: 0x0000000bb1300000,0x0000000bb1400000] [id=18208]
  0x0000010c25467800 ConcurrentGCThread "G1 Conc#0" [stack: 0x0000000bb1400000,0x0000000bb1500000] [id=18324]
  0x0000010c4d0e0000 ConcurrentGCThread "G1 Conc#1" [stack: 0x0000000bb3400000,0x0000000bb3500000] [id=17560]
  0x0000010c254ed800 ConcurrentGCThread "G1 Refine#0" [stack: 0x0000000bb1500000,0x0000000bb1600000] [id=11332]
  0x0000010c44120800 ConcurrentGCThread "G1 Young RemSet Sampling" [stack: 0x0000000bb1600000,0x0000000bb1700000] [id=18164]

Threads with active compile tasks:
C2 CompilerThread0   1720 2462       4       jdk.internal.org.objectweb.asm.Frame::execute (2264 bytes)
C2 CompilerThread1   1720 1973       4       com.sun.javafx.css.StyleMap::getCascadingStyles (384 bytes)

VM state:not at safepoint (normal execution)

VM Mutex/Monitor currently owned by a thread: None

Heap address: 0x0000000083800000, size: 1992 MB, Compressed Oops mode: 32-bit
Narrow klass base: 0x0000000000000000, Narrow klass shift: 3
Compressed class space size: 1073741824 Address: 0x0000000100000000

Heap:
 garbage-first heap   total 129024K, used 31304K [0x0000000083800000, 0x0000000100000000)
  region size 1024K, 30 young (30720K), 9 survivors (9216K)
 Metaspace       used 25561K, capacity 26763K, committed 26880K, reserved 1073152K
  class space    used 3549K, capacity 4059K, committed 4096K, reserved 1048576K
Heap Regions: E=young(eden), S=young(survivor), O=old, HS=humongous(starts), HC=humongous(continues), CS=collection set, F=free, A=archive, TAMS=top-at-mark-start (previous, next)
|   0|0x0000000083800000, 0x000000008389a800, 0x0000000083900000| 60%| O|  |TAMS 0x000000008389a800, 0x0000000083800000| Untracked 
|   1|0x0000000083900000, 0x0000000083a00000, 0x0000000083a00000|100%|HS|  |TAMS 0x0000000083900000, 0x0000000083900000| Complete 
|   2|0x0000000083a00000, 0x0000000083b00000, 0x0000000083b00000|100%|HC|  |TAMS 0x0000000083a00000, 0x0000000083a00000| Complete 
|   3|0x0000000083b00000, 0x0000000083b00000, 0x0000000083c00000|  0%| F|  |TAMS 0x0000000083b00000, 0x0000000083b00000| Untracked 
|   4|0x0000000083c00000, 0x0000000083c00000, 0x0000000083d00000|  0%| F|  |TAMS 0x0000000083c00000, 0x0000000083c00000| Untracked 
|   5|0x0000000083d00000, 0x0000000083d00000, 0x0000000083e00000|  0%| F|  |TAMS 0x0000000083d00000, 0x0000000083d00000| Untracked 
|   6|0x0000000083e00000, 0x0000000083e00000, 0x0000000083f00000|  0%| F|  |TAMS 0x0000000083e00000, 0x0000000083e00000| Untracked 
|   7|0x0000000083f00000, 0x0000000083f00000, 0x0000000084000000|  0%| F|  |TAMS 0x0000000083f00000, 0x0000000083f00000| Untracked 
|   8|0x0000000084000000, 0x0000000084000000, 0x0000000084100000|  0%| F|  |TAMS 0x0000000084000000, 0x0000000084000000| Untracked 
|   9|0x0000000084100000, 0x0000000084100000, 0x0000000084200000|  0%| F|  |TAMS 0x0000000084100000, 0x0000000084100000| Untracked 
|  10|0x0000000084200000, 0x0000000084200000, 0x0000000084300000|  0%| F|  |TAMS 0x0000000084200000, 0x0000000084200000| Untracked 
|  11|0x0000000084300000, 0x0000000084300000, 0x0000000084400000|  0%| F|  |TAMS 0x0000000084300000, 0x0000000084300000| Untracked 
|  12|0x0000000084400000, 0x0000000084400000, 0x0000000084500000|  0%| F|  |TAMS 0x0000000084400000, 0x0000000084400000| Untracked 
|  13|0x0000000084500000, 0x0000000084500000, 0x0000000084600000|  0%| F|  |TAMS 0x0000000084500000, 0x0000000084500000| Untracked 
|  14|0x0000000084600000, 0x0000000084600000, 0x0000000084700000|  0%| F|  |TAMS 0x0000000084600000, 0x0000000084600000| Untracked 
|  15|0x0000000084700000, 0x0000000084700000, 0x0000000084800000|  0%| F|  |TAMS 0x0000000084700000, 0x0000000084700000| Untracked 
|  16|0x0000000084800000, 0x0000000084800000, 0x0000000084900000|  0%| F|  |TAMS 0x0000000084800000, 0x0000000084800000| Untracked 
|  17|0x0000000084900000, 0x0000000084900000, 0x0000000084a00000|  0%| F|  |TAMS 0x0000000084900000, 0x0000000084900000| Untracked 
|  18|0x0000000084a00000, 0x0000000084a00000, 0x0000000084b00000|  0%| F|  |TAMS 0x0000000084a00000, 0x0000000084a00000| Untracked 
|  19|0x0000000084b00000, 0x0000000084b00000, 0x0000000084c00000|  0%| F|  |TAMS 0x0000000084b00000, 0x0000000084b00000| Untracked 
|  20|0x0000000084c00000, 0x0000000084c00000, 0x0000000084d00000|  0%| F|  |TAMS 0x0000000084c00000, 0x0000000084c00000| Untracked 
|  21|0x0000000084d00000, 0x0000000084d00000, 0x0000000084e00000|  0%| F|  |TAMS 0x0000000084d00000, 0x0000000084d00000| Untracked 
|  22|0x0000000084e00000, 0x0000000084e00000, 0x0000000084f00000|  0%| F|  |TAMS 0x0000000084e00000, 0x0000000084e00000| Untracked 
|  23|0x0000000084f00000, 0x0000000084f00000, 0x0000000085000000|  0%| F|  |TAMS 0x0000000084f00000, 0x0000000084f00000| Untracked 
|  24|0x0000000085000000, 0x0000000085000000, 0x0000000085100000|  0%| F|  |TAMS 0x0000000085000000, 0x0000000085000000| Untracked 
|  25|0x0000000085100000, 0x0000000085100000, 0x0000000085200000|  0%| F|  |TAMS 0x0000000085100000, 0x0000000085100000| Untracked 
|  26|0x0000000085200000, 0x0000000085200000, 0x0000000085300000|  0%| F|  |TAMS 0x0000000085200000, 0x0000000085200000| Untracked 
|  27|0x0000000085300000, 0x0000000085300000, 0x0000000085400000|  0%| F|  |TAMS 0x0000000085300000, 0x0000000085300000| Untracked 
|  28|0x0000000085400000, 0x0000000085400000, 0x0000000085500000|  0%| F|  |TAMS 0x0000000085400000, 0x0000000085400000| Untracked 
|  29|0x0000000085500000, 0x0000000085500000, 0x0000000085600000|  0%| F|  |TAMS 0x0000000085500000, 0x0000000085500000| Untracked 
|  30|0x0000000085600000, 0x0000000085600000, 0x0000000085700000|  0%| F|  |TAMS 0x0000000085600000, 0x0000000085600000| Untracked 
|  31|0x0000000085700000, 0x0000000085700000, 0x0000000085800000|  0%| F|  |TAMS 0x0000000085700000, 0x0000000085700000| Untracked 
|  32|0x0000000085800000, 0x0000000085800000, 0x0000000085900000|  0%| F|  |TAMS 0x0000000085800000, 0x0000000085800000| Untracked 
|  33|0x0000000085900000, 0x0000000085900000, 0x0000000085a00000|  0%| F|  |TAMS 0x0000000085900000, 0x0000000085900000| Untracked 
|  34|0x0000000085a00000, 0x0000000085a00000, 0x0000000085b00000|  0%| F|  |TAMS 0x0000000085a00000, 0x0000000085a00000| Untracked 
|  35|0x0000000085b00000, 0x0000000085b00000, 0x0000000085c00000|  0%| F|  |TAMS 0x0000000085b00000, 0x0000000085b00000| Untracked 
|  36|0x0000000085c00000, 0x0000000085c00000, 0x0000000085d00000|  0%| F|  |TAMS 0x0000000085c00000, 0x0000000085c00000| Untracked 
|  37|0x0000000085d00000, 0x0000000085d00000, 0x0000000085e00000|  0%| F|  |TAMS 0x0000000085d00000, 0x0000000085d00000| Untracked 
|  38|0x0000000085e00000, 0x0000000085e00000, 0x0000000085f00000|  0%| F|  |TAMS 0x0000000085e00000, 0x0000000085e00000| Untracked 
|  39|0x0000000085f00000, 0x0000000085f00000, 0x0000000086000000|  0%| F|  |TAMS 0x0000000085f00000, 0x0000000085f00000| Untracked 
|  40|0x0000000086000000, 0x0000000086000000, 0x0000000086100000|  0%| F|  |TAMS 0x0000000086000000, 0x0000000086000000| Untracked 
|  41|0x0000000086100000, 0x0000000086100000, 0x0000000086200000|  0%| F|  |TAMS 0x0000000086100000, 0x0000000086100000| Untracked 
|  42|0x0000000086200000, 0x0000000086200000, 0x0000000086300000|  0%| F|  |TAMS 0x0000000086200000, 0x0000000086200000| Untracked 
|  43|0x0000000086300000, 0x0000000086300000, 0x0000000086400000|  0%| F|  |TAMS 0x0000000086300000, 0x0000000086300000| Untracked 
|  44|0x0000000086400000, 0x0000000086400000, 0x0000000086500000|  0%| F|  |TAMS 0x0000000086400000, 0x0000000086400000| Untracked 
|  45|0x0000000086500000, 0x0000000086500000, 0x0000000086600000|  0%| F|  |TAMS 0x0000000086500000, 0x0000000086500000| Untracked 
|  46|0x0000000086600000, 0x0000000086600000, 0x0000000086700000|  0%| F|  |TAMS 0x0000000086600000, 0x0000000086600000| Untracked 
|  47|0x0000000086700000, 0x0000000086700000, 0x0000000086800000|  0%| F|  |TAMS 0x0000000086700000, 0x0000000086700000| Untracked 
|  48|0x0000000086800000, 0x0000000086800000, 0x0000000086900000|  0%| F|  |TAMS 0x0000000086800000, 0x0000000086800000| Untracked 
|  49|0x0000000086900000, 0x0000000086900000, 0x0000000086a00000|  0%| F|  |TAMS 0x0000000086900000, 0x0000000086900000| Untracked 
|  50|0x0000000086a00000, 0x0000000086a00000, 0x0000000086b00000|  0%| F|  |TAMS 0x0000000086a00000, 0x0000000086a00000| Untracked 
|  51|0x0000000086b00000, 0x0000000086b00000, 0x0000000086c00000|  0%| F|  |TAMS 0x0000000086b00000, 0x0000000086b00000| Untracked 
|  52|0x0000000086c00000, 0x0000000086c00000, 0x0000000086d00000|  0%| F|  |TAMS 0x0000000086c00000, 0x0000000086c00000| Untracked 
|  53|0x0000000086d00000, 0x0000000086d00000, 0x0000000086e00000|  0%| F|  |TAMS 0x0000000086d00000, 0x0000000086d00000| Untracked 
|  54|0x0000000086e00000, 0x0000000086e00000, 0x0000000086f00000|  0%| F|  |TAMS 0x0000000086e00000, 0x0000000086e00000| Untracked 
|  55|0x0000000086f00000, 0x0000000086f00000, 0x0000000087000000|  0%| F|  |TAMS 0x0000000086f00000, 0x0000000086f00000| Untracked 
|  56|0x0000000087000000, 0x0000000087000000, 0x0000000087100000|  0%| F|  |TAMS 0x0000000087000000, 0x0000000087000000| Untracked 
|  57|0x0000000087100000, 0x0000000087100000, 0x0000000087200000|  0%| F|  |TAMS 0x0000000087100000, 0x0000000087100000| Untracked 
|  58|0x0000000087200000, 0x0000000087200000, 0x0000000087300000|  0%| F|  |TAMS 0x0000000087200000, 0x0000000087200000| Untracked 
|  59|0x0000000087300000, 0x0000000087300000, 0x0000000087400000|  0%| F|  |TAMS 0x0000000087300000, 0x0000000087300000| Untracked 
|  60|0x0000000087400000, 0x0000000087400000, 0x0000000087500000|  0%| F|  |TAMS 0x0000000087400000, 0x0000000087400000| Untracked 
|  61|0x0000000087500000, 0x0000000087500000, 0x0000000087600000|  0%| F|  |TAMS 0x0000000087500000, 0x0000000087500000| Untracked 
|  62|0x0000000087600000, 0x0000000087600000, 0x0000000087700000|  0%| F|  |TAMS 0x0000000087600000, 0x0000000087600000| Untracked 
|  63|0x0000000087700000, 0x0000000087700000, 0x0000000087800000|  0%| F|  |TAMS 0x0000000087700000, 0x0000000087700000| Untracked 
|  64|0x0000000087800000, 0x0000000087800000, 0x0000000087900000|  0%| F|  |TAMS 0x0000000087800000, 0x0000000087800000| Untracked 
|  65|0x0000000087900000, 0x0000000087900000, 0x0000000087a00000|  0%| F|  |TAMS 0x0000000087900000, 0x0000000087900000| Untracked 
|  66|0x0000000087a00000, 0x0000000087a00000, 0x0000000087b00000|  0%| F|  |TAMS 0x0000000087a00000, 0x0000000087a00000| Untracked 
|  67|0x0000000087b00000, 0x0000000087b00000, 0x0000000087c00000|  0%| F|  |TAMS 0x0000000087b00000, 0x0000000087b00000| Untracked 
|  68|0x0000000087c00000, 0x0000000087c00000, 0x0000000087d00000|  0%| F|  |TAMS 0x0000000087c00000, 0x0000000087c00000| Untracked 
|  69|0x0000000087d00000, 0x0000000087d00000, 0x0000000087e00000|  0%| F|  |TAMS 0x0000000087d00000, 0x0000000087d00000| Untracked 
|  70|0x0000000087e00000, 0x0000000087e00000, 0x0000000087f00000|  0%| F|  |TAMS 0x0000000087e00000, 0x0000000087e00000| Untracked 
|  71|0x0000000087f00000, 0x0000000087f00000, 0x0000000088000000|  0%| F|  |TAMS 0x0000000087f00000, 0x0000000087f00000| Untracked 
|  72|0x0000000088000000, 0x0000000088000000, 0x0000000088100000|  0%| F|  |TAMS 0x0000000088000000, 0x0000000088000000| Untracked 
|  73|0x0000000088100000, 0x0000000088100000, 0x0000000088200000|  0%| F|  |TAMS 0x0000000088100000, 0x0000000088100000| Untracked 
|  74|0x0000000088200000, 0x0000000088200000, 0x0000000088300000|  0%| F|  |TAMS 0x0000000088200000, 0x0000000088200000| Untracked 
|  75|0x0000000088300000, 0x0000000088300000, 0x0000000088400000|  0%| F|  |TAMS 0x0000000088300000, 0x0000000088300000| Untracked 
|  76|0x0000000088400000, 0x0000000088400000, 0x0000000088500000|  0%| F|  |TAMS 0x0000000088400000, 0x0000000088400000| Untracked 
|  77|0x0000000088500000, 0x0000000088500000, 0x0000000088600000|  0%| F|  |TAMS 0x0000000088500000, 0x0000000088500000| Untracked 
|  78|0x0000000088600000, 0x0000000088600000, 0x0000000088700000|  0%| F|  |TAMS 0x0000000088600000, 0x0000000088600000| Untracked 
|  79|0x0000000088700000, 0x0000000088700000, 0x0000000088800000|  0%| F|  |TAMS 0x0000000088700000, 0x0000000088700000| Untracked 
|  80|0x0000000088800000, 0x0000000088800000, 0x0000000088900000|  0%| F|  |TAMS 0x0000000088800000, 0x0000000088800000| Untracked 
|  81|0x0000000088900000, 0x0000000088900000, 0x0000000088a00000|  0%| F|  |TAMS 0x0000000088900000, 0x0000000088900000| Untracked 
|  82|0x0000000088a00000, 0x0000000088a00000, 0x0000000088b00000|  0%| F|  |TAMS 0x0000000088a00000, 0x0000000088a00000| Untracked 
|  83|0x0000000088b00000, 0x0000000088bf7b18, 0x0000000088c00000| 96%| S|CS|TAMS 0x0000000088b00000, 0x0000000088b00000| Complete 
|  84|0x0000000088c00000, 0x0000000088d00000, 0x0000000088d00000|100%| S|CS|TAMS 0x0000000088c00000, 0x0000000088c00000| Complete 
|  85|0x0000000088d00000, 0x0000000088e00000, 0x0000000088e00000|100%| S|CS|TAMS 0x0000000088d00000, 0x0000000088d00000| Complete 
|  86|0x0000000088e00000, 0x0000000088f00000, 0x0000000088f00000|100%| S|CS|TAMS 0x0000000088e00000, 0x0000000088e00000| Complete 
|  87|0x0000000088f00000, 0x0000000089000000, 0x0000000089000000|100%| S|CS|TAMS 0x0000000088f00000, 0x0000000088f00000| Complete 
|  88|0x0000000089000000, 0x0000000089100000, 0x0000000089100000|100%| S|CS|TAMS 0x0000000089000000, 0x0000000089000000| Complete 
|  89|0x0000000089100000, 0x0000000089200000, 0x0000000089200000|100%| S|CS|TAMS 0x0000000089100000, 0x0000000089100000| Complete 
|  90|0x0000000089200000, 0x0000000089300000, 0x0000000089300000|100%| S|CS|TAMS 0x0000000089200000, 0x0000000089200000| Complete 
|  91|0x0000000089300000, 0x0000000089400000, 0x0000000089400000|100%| S|CS|TAMS 0x0000000089300000, 0x0000000089300000| Complete 
|  92|0x0000000089400000, 0x0000000089400000, 0x0000000089500000|  0%| F|  |TAMS 0x0000000089400000, 0x0000000089400000| Untracked 
|  93|0x0000000089500000, 0x0000000089500000, 0x0000000089600000|  0%| F|  |TAMS 0x0000000089500000, 0x0000000089500000| Untracked 
|  94|0x0000000089600000, 0x0000000089600000, 0x0000000089700000|  0%| F|  |TAMS 0x0000000089600000, 0x0000000089600000| Untracked 
|  95|0x0000000089700000, 0x0000000089700000, 0x0000000089800000|  0%| F|  |TAMS 0x0000000089700000, 0x0000000089700000| Untracked 
|  96|0x0000000089800000, 0x0000000089800000, 0x0000000089900000|  0%| F|  |TAMS 0x0000000089800000, 0x0000000089800000| Untracked 
|  97|0x0000000089900000, 0x0000000089900000, 0x0000000089a00000|  0%| F|  |TAMS 0x0000000089900000, 0x0000000089900000| Untracked 
|  98|0x0000000089a00000, 0x0000000089a00000, 0x0000000089b00000|  0%| F|  |TAMS 0x0000000089a00000, 0x0000000089a00000| Untracked 
|  99|0x0000000089b00000, 0x0000000089b00000, 0x0000000089c00000|  0%| F|  |TAMS 0x0000000089b00000, 0x0000000089b00000| Untracked 
| 100|0x0000000089c00000, 0x0000000089c00000, 0x0000000089d00000|  0%| F|  |TAMS 0x0000000089c00000, 0x0000000089c00000| Untracked 
| 101|0x0000000089d00000, 0x0000000089d00000, 0x0000000089e00000|  0%| F|  |TAMS 0x0000000089d00000, 0x0000000089d00000| Untracked 
| 102|0x0000000089e00000, 0x0000000089e00000, 0x0000000089f00000|  0%| F|  |TAMS 0x0000000089e00000, 0x0000000089e00000| Untracked 
| 103|0x0000000089f00000, 0x0000000089f00000, 0x000000008a000000|  0%| F|  |TAMS 0x0000000089f00000, 0x0000000089f00000| Untracked 
| 104|0x000000008a000000, 0x000000008a000000, 0x000000008a100000|  0%| F|  |TAMS 0x000000008a000000, 0x000000008a000000| Untracked 
| 105|0x000000008a100000, 0x000000008a200000, 0x000000008a200000|100%| E|  |TAMS 0x000000008a100000, 0x000000008a100000| Complete 
| 106|0x000000008a200000, 0x000000008a300000, 0x000000008a300000|100%| E|  |TAMS 0x000000008a200000, 0x000000008a200000| Complete 
| 107|0x000000008a300000, 0x000000008a400000, 0x000000008a400000|100%| E|CS|TAMS 0x000000008a300000, 0x000000008a300000| Complete 
| 108|0x000000008a400000, 0x000000008a500000, 0x000000008a500000|100%| E|CS|TAMS 0x000000008a400000, 0x000000008a400000| Complete 
| 109|0x000000008a500000, 0x000000008a600000, 0x000000008a600000|100%| E|CS|TAMS 0x000000008a500000, 0x000000008a500000| Complete 
| 110|0x000000008a600000, 0x000000008a700000, 0x000000008a700000|100%| E|CS|TAMS 0x000000008a600000, 0x000000008a600000| Complete 
| 111|0x000000008a700000, 0x000000008a800000, 0x000000008a800000|100%| E|CS|TAMS 0x000000008a700000, 0x000000008a700000| Complete 
| 112|0x000000008a800000, 0x000000008a900000, 0x000000008a900000|100%| E|CS|TAMS 0x000000008a800000, 0x000000008a800000| Complete 
| 113|0x000000008a900000, 0x000000008aa00000, 0x000000008aa00000|100%| E|CS|TAMS 0x000000008a900000, 0x000000008a900000| Complete 
| 114|0x000000008aa00000, 0x000000008ab00000, 0x000000008ab00000|100%| E|CS|TAMS 0x000000008aa00000, 0x000000008aa00000| Complete 
| 115|0x000000008ab00000, 0x000000008ac00000, 0x000000008ac00000|100%| E|CS|TAMS 0x000000008ab00000, 0x000000008ab00000| Complete 
| 116|0x000000008ac00000, 0x000000008ad00000, 0x000000008ad00000|100%| E|CS|TAMS 0x000000008ac00000, 0x000000008ac00000| Complete 
| 117|0x000000008ad00000, 0x000000008ae00000, 0x000000008ae00000|100%| E|CS|TAMS 0x000000008ad00000, 0x000000008ad00000| Complete 
| 118|0x000000008ae00000, 0x000000008af00000, 0x000000008af00000|100%| E|CS|TAMS 0x000000008ae00000, 0x000000008ae00000| Complete 
| 119|0x000000008af00000, 0x000000008b000000, 0x000000008b000000|100%| E|CS|TAMS 0x000000008af00000, 0x000000008af00000| Complete 
| 120|0x000000008b000000, 0x000000008b100000, 0x000000008b100000|100%| E|CS|TAMS 0x000000008b000000, 0x000000008b000000| Complete 
| 121|0x000000008b100000, 0x000000008b200000, 0x000000008b200000|100%| E|CS|TAMS 0x000000008b100000, 0x000000008b100000| Complete 
| 122|0x000000008b200000, 0x000000008b300000, 0x000000008b300000|100%| E|CS|TAMS 0x000000008b200000, 0x000000008b200000| Complete 
| 123|0x000000008b300000, 0x000000008b400000, 0x000000008b400000|100%| E|CS|TAMS 0x000000008b300000, 0x000000008b300000| Complete 
| 124|0x000000008b400000, 0x000000008b500000, 0x000000008b500000|100%| E|CS|TAMS 0x000000008b400000, 0x000000008b400000| Complete 
| 125|0x000000008b500000, 0x000000008b600000, 0x000000008b600000|100%| E|CS|TAMS 0x000000008b500000, 0x000000008b500000| Complete 

Card table byte_map: [0x0000010c3d250000,0x0000010c3d640000] _byte_map_base: 0x0000010c3ce34000

Marking Bits (Prev, Next): (CMBitMap*) 0x0000010c2545d830, (CMBitMap*) 0x0000010c2545d7f8
 Prev Bits: [0x0000010c3f950000, 0x0000010c41870000)
 Next Bits: [0x0000010c3da30000, 0x0000010c3f950000)

Polling page: 0x0000010c24bf0000

Metaspace:

Usage:
  Non-class:     22.17 MB capacity,    21.50 MB ( 97%) used,   554.63 KB (  2%) free+waste,   136.69 KB ( <1%) overhead. 
      Class:      3.96 MB capacity,     3.47 MB ( 87%) used,   439.50 KB ( 11%) free+waste,    70.25 KB (  2%) overhead. 
       Both:     26.14 MB capacity,    24.96 MB ( 96%) used,   994.13 KB (  4%) free+waste,   206.94 KB ( <1%) overhead. 

Virtual space:
  Non-class space:       24.00 MB reserved,      22.25 MB ( 93%) committed 
      Class space:        1.00 GB reserved,       4.00 MB ( <1%) committed 
             Both:        1.02 GB reserved,      26.25 MB (  3%) committed 

Chunk freelists:
   Non-Class:  16.00 KB
       Class:  5.00 KB
        Both:  21.00 KB

MaxMetaspaceSize: 17179869184.00 GB
CompressedClassSpaceSize: 1.00 GB

CodeHeap 'non-profiled nmethods': size=120000Kb used=949Kb max_used=949Kb free=119050Kb
 bounds [0x0000010c355f0000, 0x0000010c35860000, 0x0000010c3cb20000]
CodeHeap 'profiled nmethods': size=120000Kb used=4649Kb max_used=4649Kb free=115350Kb
 bounds [0x0000010c2e0c0000, 0x0000010c2e550000, 0x0000010c355f0000]
CodeHeap 'non-nmethods': size=5760Kb used=1343Kb max_used=1386Kb free=4416Kb
 bounds [0x0000010c2db20000, 0x0000010c2dd90000, 0x0000010c2e0c0000]
 total_blobs=3292 nmethods=2516 adapters=687
 compilation: enabled
              stopped_count=0, restarted_count=0
 full_count=0

Compilation events (20 events):
Event: 1.674 Thread 0x0000010c44c77800 2490       1       javafx.scene.layout.Background::getImages (5 bytes)
Event: 1.674 Thread 0x0000010c44c77800 nmethod 2490 0x0000010c356da490 code [0x0000010c356da640, 0x0000010c356da6f8]
Event: 1.675 Thread 0x0000010c44c77800 2491       3       com.sun.marlin.IntArrayCache$Reference::putArray (55 bytes)
Event: 1.675 Thread 0x0000010c44c77800 nmethod 2491 0x0000010c2e541d90 code [0x0000010c2e541fa0, 0x0000010c2e5424e8]
Event: 1.675 Thread 0x0000010c44c77800 2492       3       com.sun.prism.impl.BaseGraphics::validateTransformAndPaint (71 bytes)
Event: 1.676 Thread 0x0000010c44c77800 nmethod 2492 0x0000010c2e542790 code [0x0000010c2e542960, 0x0000010c2e542ea8]
Event: 1.676 Thread 0x0000010c44c77800 2493       1       com.sun.javafx.geom.transform.Affine3D::getMxz (5 bytes)
Event: 1.676 Thread 0x0000010c44c77800 nmethod 2493 0x0000010c356da790 code [0x0000010c356da940, 0x0000010c356da9f8]
Event: 1.676 Thread 0x0000010c44c77800 2494       1       com.sun.javafx.geom.transform.Affine3D::getMyz (5 bytes)
Event: 1.676 Thread 0x0000010c44c77800 nmethod 2494 0x0000010c356daa90 code [0x0000010c356dac40, 0x0000010c356dacf8]
Event: 1.676 Thread 0x0000010c44c77800 2495       1       com.sun.javafx.geom.transform.Affine3D::getMzx (5 bytes)
Event: 1.676 Thread 0x0000010c44c77800 nmethod 2495 0x0000010c356dad90 code [0x0000010c356daf40, 0x0000010c356daff8]
Event: 1.676 Thread 0x0000010c44c77800 2496       1       com.sun.javafx.geom.transform.Affine3D::getMzy (5 bytes)
Event: 1.676 Thread 0x0000010c44c77800 nmethod 2496 0x0000010c356db090 code [0x0000010c356db240, 0x0000010c356db2f8]
Event: 1.676 Thread 0x0000010c44c77800 2497       1       com.sun.javafx.geom.transform.Affine3D::getMzz (5 bytes)
Event: 1.676 Thread 0x0000010c44c77800 nmethod 2497 0x0000010c356db390 code [0x0000010c356db540, 0x0000010c356db5f8]
Event: 1.676 Thread 0x0000010c44c77800 2498       1       com.sun.javafx.geom.transform.Affine3D::getMzt (5 bytes)
Event: 1.676 Thread 0x0000010c44c77800 nmethod 2498 0x0000010c356db690 code [0x0000010c356db840, 0x0000010c356db8f8]
Event: 1.677 Thread 0x0000010c44c77800 2499       1       java.util.concurrent.locks.AbstractOwnableSynchronizer::getExclusiveOwnerThread (5 bytes)
Event: 1.677 Thread 0x0000010c44c77800 nmethod 2499 0x0000010c356db990 code [0x0000010c356dbb40, 0x0000010c356dbbf8]

GC Heap History (4 events):
Event: 0.506 GC heap before
{Heap before GC invocations=0 (full 0):
 garbage-first heap   total 129024K, used 23552K [0x0000000083800000, 0x0000000100000000)
  region size 1024K, 24 young (24576K), 0 survivors (0K)
 Metaspace       used 12435K, capacity 12822K, committed 13056K, reserved 1060864K
  class space    used 1357K, capacity 1520K, committed 1536K, reserved 1048576K
}
Event: 0.509 GC heap after
{Heap after GC invocations=1 (full 0):
 garbage-first heap   total 129024K, used 3690K [0x0000000083800000, 0x0000000100000000)
  region size 1024K, 3 young (3072K), 3 survivors (3072K)
 Metaspace       used 12435K, capacity 12822K, committed 13056K, reserved 1060864K
  class space    used 1357K, capacity 1520K, committed 1536K, reserved 1048576K
}
Event: 1.018 GC heap before
{Heap before GC invocations=1 (full 0):
 garbage-first heap   total 129024K, used 33386K [0x0000000083800000, 0x0000000100000000)
  region size 1024K, 34 young (34816K), 3 survivors (3072K)
 Metaspace       used 20425K, capacity 21119K, committed 21248K, reserved 1067008K
  class space    used 2641K, capacity 2984K, committed 3072K, reserved 1048576K
}
Event: 1.027 GC heap after
{Heap after GC invocations=2 (full 0):
 garbage-first heap   total 129024K, used 9800K [0x0000000083800000, 0x0000000100000000)
  region size 1024K, 9 young (9216K), 9 survivors (9216K)
 Metaspace       used 20425K, capacity 21119K, committed 21248K, reserved 1067008K
  class space    used 2641K, capacity 2984K, committed 3072K, reserved 1048576K
}

Deoptimization events (20 events):
Event: 1.577 Thread 0x0000010c45218800 DEOPT PACKING pc=0x0000010c2e50c674 sp=0x0000000bb23fcb20
Event: 1.577 Thread 0x0000010c45218800 DEOPT UNPACKING pc=0x0000010c2db46dde sp=0x0000000bb23fbf88 mode 0
Event: 1.577 Thread 0x0000010c45218800 DEOPT PACKING pc=0x0000010c2e50c674 sp=0x0000000bb23fcb20
Event: 1.577 Thread 0x0000010c45218800 DEOPT UNPACKING pc=0x0000010c2db46dde sp=0x0000000bb23fbf88 mode 0
Event: 1.577 Thread 0x0000010c45218800 DEOPT PACKING pc=0x0000010c2e50c674 sp=0x0000000bb23fcb20
Event: 1.577 Thread 0x0000010c45218800 DEOPT UNPACKING pc=0x0000010c2db46dde sp=0x0000000bb23fbf88 mode 0
Event: 1.577 Thread 0x0000010c45218800 DEOPT PACKING pc=0x0000010c2e50c674 sp=0x0000000bb23fcb20
Event: 1.577 Thread 0x0000010c45218800 DEOPT UNPACKING pc=0x0000010c2db46dde sp=0x0000000bb23fbf88 mode 0
Event: 1.578 Thread 0x0000010c45218800 DEOPT PACKING pc=0x0000010c2e50c674 sp=0x0000000bb23fcb20
Event: 1.578 Thread 0x0000010c45218800 DEOPT UNPACKING pc=0x0000010c2db46dde sp=0x0000000bb23fbf88 mode 0
Event: 1.579 Thread 0x0000010c45218800 DEOPT PACKING pc=0x0000010c2e50c674 sp=0x0000000bb23fcb20
Event: 1.579 Thread 0x0000010c45218800 DEOPT UNPACKING pc=0x0000010c2db46dde sp=0x0000000bb23fbf88 mode 0
Event: 1.665 Thread 0x0000010c45218800 DEOPT PACKING pc=0x0000010c2e50834d sp=0x0000000bb23fce00
Event: 1.665 Thread 0x0000010c45218800 DEOPT UNPACKING pc=0x0000010c2db46dde sp=0x0000000bb23fc1b8 mode 0
Event: 1.667 Thread 0x0000010c45218800 DEOPT PACKING pc=0x0000010c2e50745f sp=0x0000000bb23fd440
Event: 1.667 Thread 0x0000010c45218800 DEOPT UNPACKING pc=0x0000010c2db46dde sp=0x0000000bb23fc8d0 mode 0
Event: 1.676 Thread 0x0000010c45218800 Uncommon trap: trap_request=0xffffff4d fr.pc=0x0000010c356d6c1c relative=0x000000000000007c
Event: 1.676 Thread 0x0000010c45218800 Uncommon trap: reason=unstable_if action=reinterpret pc=0x0000010c356d6c1c method=java.lang.Math.round(F)I @ 23 c2
Event: 1.676 Thread 0x0000010c45218800 DEOPT PACKING pc=0x0000010c356d6c1c sp=0x0000000bb23fcf20
Event: 1.676 Thread 0x0000010c45218800 DEOPT UNPACKING pc=0x0000010c2db4662f sp=0x0000000bb23fcea0 mode 2

Classes redefined (0 events):
No events

Internal exceptions (20 events):
Event: 0.559 Thread 0x0000010c45314000 Exception <a 'java/lang/NoSuchMethodError'{0x000000008b1577f0}: 'java.lang.Object java.lang.invoke.DirectMethodHandle$Holder.invokeStatic(java.lang.Object, java.lang.Object, java.lang.Object, java.lang.Object, java.lang.Object, java.lang.Object, java.lang.Object, java.lang.Object, java.lang.Object, java.lang.Object, java.lang.Object, int, int, java.lang.Object, java.lang.Object)'> (0x000000008b1577f0) thrown at [./src/hotspot/share/interpreter/linkResolver.cpp, line 773]
Event: 0.608 Thread 0x0000010c45314000 Exception <a 'java/lang/NoSuchMethodError'{0x000000008ac4c238}: 'void java.lang.invoke.DirectMethodHandle$Holder.invokeStaticInit(java.lang.Object, java.lang.Object)'> (0x000000008ac4c238) thrown at [./src/hotspot/share/interpreter/linkResolver.cpp, line 773]
Event: 0.684 Thread 0x0000010c45314000 Exception <a 'java/lang/NoSuchMethodError'{0x000000008a799aa0}: 'void java.lang.invoke.DirectMethodHandle$Holder.invokeSpecial(java.lang.Object, java.lang.Object, java.lang.Object, java.lang.Object, java.lang.Object)'> (0x000000008a799aa0) thrown at [./src/hotspot/share/interpreter/linkResolver.cpp, line 773]
Event: 0.747 Thread 0x0000010c45314000 Exception <a 'java/lang/NoSuchMethodError'{0x000000008a373bb0}: 'java.lang.Object java.lang.invoke.Invokers$Holder.linkToTargetMethod(java.lang.Object, int, java.lang.Object)'> (0x000000008a373bb0) thrown at [./src/hotspot/share/interpreter/linkResolver.cpp, line 773]
Event: 0.800 Thread 0x0000010c45314000 Exception <a 'java/io/FileNotFoundException'{0x000000008a06d198}> (0x000000008a06d198) thrown at [./src/hotspot/share/prims/jni.cpp, line 615]
Event: 0.956 Thread 0x0000010c45314000 Exception <a 'java/lang/NoSuchMethodError'{0x00000000897b1bc8}: 'java.lang.Object java.lang.invoke.DirectMethodHandle$Holder.invokeInterface(java.lang.Object, java.lang.Object, java.lang.Object)'> (0x00000000897b1bc8) thrown at [./src/hotspot/share/interpreter/linkResolver.cpp, line 773]
Event: 0.956 Thread 0x0000010c45314000 Exception <a 'java/lang/IncompatibleClassChangeError'{0x00000000897b4d80}: Found class java.lang.Object, but interface was expected> (0x00000000897b4d80) thrown at [./src/hotspot/share/interpreter/linkResolver.cpp, line 839]
Event: 0.985 Thread 0x0000010c45314000 Exception <a 'java/lang/NoSuchMethodError'{0x00000000896e1aa0}: 'void java.lang.invoke.DirectMethodHandle$Holder.invokeSpecial(java.lang.Object, java.lang.Object, java.lang.Object, java.lang.Object, java.lang.Object, java.lang.Object)'> (0x00000000896e1aa0) thrown at [./src/hotspot/share/interpreter/linkResolver.cpp, line 773]
Event: 1.014 Thread 0x0000010c45314000 Exception <a 'java/lang/NoSuchMethodError'{0x00000000895f9430}: 'void java.lang.invoke.DirectMethodHandle$Holder.invokeSpecialIFC(java.lang.Object, java.lang.Object, java.lang.Object, java.lang.Object)'> (0x00000000895f9430) thrown at [./src/hotspot/share/interpreter/linkResolver.cpp, line 773]
Event: 1.065 Thread 0x0000010c45314000 Exception <a 'java/lang/ClassNotFoundException'{0x000000008b396200}: com/sun/javafx/scene/control/skin/resources/controls> (0x000000008b396200) thrown at [./src/hotspot/share/prims/jni.cpp, line 636]
Event: 1.067 Thread 0x0000010c45314000 Exception <a 'java/lang/ClassNotFoundException'{0x000000008b3a4208}: com/sun/javafx/scene/control/skin/resources/controls_en> (0x000000008b3a4208) thrown at [./src/hotspot/share/prims/jni.cpp, line 636]
Event: 1.067 Thread 0x0000010c45314000 Exception <a 'java/lang/ClassNotFoundException'{0x000000008b3a6568}: com/sun/javafx/scene/control/skin/resources/controls_en_US> (0x000000008b3a6568) thrown at [./src/hotspot/share/prims/jni.cpp, line 636]
Event: 1.099 Thread 0x0000010c45314000 Implicit null exception at 0x0000010c35666415 to 0x0000010c356665ec
Event: 1.099 Thread 0x0000010c45314000 Implicit null exception at 0x0000010c35644b78 to 0x0000010c35644c0a
Event: 1.388 Thread 0x0000010c45314000 Implicit null exception at 0x0000010c356ac869 to 0x0000010c356ad1ac
Event: 1.439 Thread 0x0000010c45218800 Exception <a 'java/lang/NoSuchMethodError'{0x000000008a59b918}: 'int java.lang.invoke.DirectMethodHandle$Holder.invokeStaticInit(java.lang.Object, java.lang.Object)'> (0x000000008a59b918) thrown at [./src/hotspot/share/interpreter/linkResolver.cpp, line 773]
Event: 1.450 Thread 0x0000010c45314000 Exception <a 'java/lang/NoSuchMethodError'{0x000000008a54e110}: 'long java.lang.invoke.DirectMethodHandle$Holder.invokeStaticInit(java.lang.Object, java.lang.Object, java.lang.Object)'> (0x000000008a54e110) thrown at [./src/hotspot/share/interpreter/linkResolver.cpp, line 773]
Event: 1.454 Thread 0x0000010c45314000 Exception <a 'java/lang/NoSuchMethodError'{0x000000008a566758}: 'java.lang.Object java.lang.invoke.DirectMethodHandle$Holder.invokeStatic(java.lang.Object, java.lang.Object, long)'> (0x000000008a566758) thrown at [./src/hotspot/share/interpreter/linkResolver.cpp, line 773]
Event: 1.454 Thread 0x0000010c45314000 Exception <a 'java/lang/NoSuchMethodError'{0x000000008a56c8d0}: 'java.lang.Object java.lang.invoke.Invokers$Holder.linkToTargetMethod(java.lang.Object, long, java.lang.Object)'> (0x000000008a56c8d0) thrown at [./src/hotspot/share/interpreter/linkResolver.cpp, line 773]
Event: 1.641 Thread 0x0000010c45218800 Exception <a 'java/lang/NoSuchMethodError'{0x000000008a156b20}: 'java.lang.Object java.lang.invoke.DirectMethodHandle$Holder.invokeStaticInit(java.lang.Object, int)'> (0x000000008a156b20) thrown at [./src/hotspot/share/interpreter/linkResolver.cpp, line 773]

Events (20 events):
Event: 1.509 loading class com/sun/scenario/effect/impl/Renderer
Event: 1.509 loading class com/sun/scenario/effect/impl/Renderer done
Event: 1.509 loading class com/sun/scenario/effect/FilterContext
Event: 1.509 loading class com/sun/scenario/effect/FilterContext done
Event: 1.536 Executing VM operation: RevokeBias
Event: 1.536 Executing VM operation: RevokeBias done
Event: 1.542 loading class java/nio/ShortBuffer
Event: 1.543 loading class java/nio/ShortBuffer done
Event: 1.543 loading class java/nio/DoubleBuffer
Event: 1.543 loading class java/nio/DoubleBuffer done
Event: 1.543 loading class java/nio/DirectFloatBufferU
Event: 1.543 loading class java/nio/DirectFloatBufferU done
Event: 1.643 Executing VM operation: RevokeBias
Event: 1.643 Executing VM operation: RevokeBias done
Event: 1.668 Executing VM operation: RevokeBias
Event: 1.668 Executing VM operation: RevokeBias done
Event: 1.671 Executing VM operation: RevokeBias
Event: 1.671 Executing VM operation: RevokeBias done
Event: 1.671 Executing VM operation: RevokeBias
Event: 1.671 Executing VM operation: RevokeBias done


Dynamic libraries:
0x00007ff6af500000 - 0x00007ff6af50d000 	C:\Program Files\AdoptOpenJDK\jdk-11.0.11.9-hotspot\bin\java.exe
0x00007ffd8cd60000 - 0x00007ffd8cf67000 	C:\WINDOWS\SYSTEM32\ntdll.dll
0x00007ffd8bc20000 - 0x00007ffd8bcdd000 	C:\WINDOWS\System32\KERNEL32.DLL
0x00007ffd8a240000 - 0x00007ffd8a5b4000 	C:\WINDOWS\System32\KERNELBASE.dll
0x00007ffd87060000 - 0x00007ffd870f1000 	C:\WINDOWS\SYSTEM32\apphelp.dll
0x00007ffd8a960000 - 0x00007ffd8aa71000 	C:\WINDOWS\System32\ucrtbase.dll
0x00007ffd75330000 - 0x00007ffd75347000 	C:\Program Files\AdoptOpenJDK\jdk-11.0.11.9-hotspot\bin\jli.dll
0x00007ffd74720000 - 0x00007ffd74735000 	C:\Program Files\AdoptOpenJDK\jdk-11.0.11.9-hotspot\bin\VCRUNTIME140.dll
0x00007ffd8bde0000 - 0x00007ffd8bf8c000 	C:\WINDOWS\System32\USER32.dll
0x00007ffd8a750000 - 0x00007ffd8a776000 	C:\WINDOWS\System32\win32u.dll
0x00007ffd6cab0000 - 0x00007ffd6cd55000 	C:\WINDOWS\WinSxS\amd64_microsoft.windows.common-controls_6595b64144ccf1df_6.0.22000.120_none_9d947278b86cc467\COMCTL32.dll
0x00007ffd8bb60000 - 0x00007ffd8bb89000 	C:\WINDOWS\System32\GDI32.dll
0x00007ffd8adb0000 - 0x00007ffd8ae53000 	C:\WINDOWS\System32\msvcrt.dll
0x00007ffd8a780000 - 0x00007ffd8a892000 	C:\WINDOWS\System32\gdi32full.dll
0x00007ffd8a640000 - 0x00007ffd8a6dd000 	C:\WINDOWS\System32\msvcp_win.dll
0x00007ffd8c100000 - 0x00007ffd8c131000 	C:\WINDOWS\System32\IMM32.DLL
0x00007ffd6ef10000 - 0x00007ffd6efab000 	C:\Program Files\AdoptOpenJDK\jdk-11.0.11.9-hotspot\bin\msvcp140.dll
0x00007ffced4b0000 - 0x00007ffcedffb000 	C:\Program Files\AdoptOpenJDK\jdk-11.0.11.9-hotspot\bin\server\jvm.dll
0x00007ffd8c900000 - 0x00007ffd8c9ac000 	C:\WINDOWS\System32\ADVAPI32.dll
0x00007ffd8b020000 - 0x00007ffd8b0bd000 	C:\WINDOWS\System32\sechost.dll
0x00007ffd8cb40000 - 0x00007ffd8cc61000 	C:\WINDOWS\System32\RPCRT4.dll
0x00007ffd8bce0000 - 0x00007ffd8bce8000 	C:\WINDOWS\System32\PSAPI.DLL
0x00007ffd87210000 - 0x00007ffd87243000 	C:\WINDOWS\SYSTEM32\WINMM.dll
0x00007ffd84a30000 - 0x00007ffd84a39000 	C:\WINDOWS\SYSTEM32\WSOCK32.dll
0x00007ffd800c0000 - 0x00007ffd800ca000 	C:\WINDOWS\SYSTEM32\VERSION.dll
0x00007ffd8b710000 - 0x00007ffd8b77f000 	C:\WINDOWS\System32\WS2_32.dll
0x00007ffd893b0000 - 0x00007ffd893c8000 	C:\WINDOWS\SYSTEM32\kernel.appcore.dll
0x00007ffd7f5c0000 - 0x00007ffd7f5d0000 	C:\Program Files\AdoptOpenJDK\jdk-11.0.11.9-hotspot\bin\verify.dll
0x00007ffd87ce0000 - 0x00007ffd87f01000 	C:\WINDOWS\SYSTEM32\DBGHELP.DLL
0x00007ffd87190000 - 0x00007ffd871c1000 	C:\WINDOWS\SYSTEM32\dbgcore.DLL
0x00007ffd8a5c0000 - 0x00007ffd8a640000 	C:\WINDOWS\System32\bcryptPrimitives.dll
0x00007ffd74610000 - 0x00007ffd74638000 	C:\Program Files\AdoptOpenJDK\jdk-11.0.11.9-hotspot\bin\java.dll
0x00007ffd76f60000 - 0x00007ffd76f6a000 	C:\Program Files\AdoptOpenJDK\jdk-11.0.11.9-hotspot\bin\jimage.dll
0x00007ffd736c0000 - 0x00007ffd736d7000 	C:\Program Files\AdoptOpenJDK\jdk-11.0.11.9-hotspot\bin\zip.dll
0x00007ffd8c150000 - 0x00007ffd8c8f9000 	C:\WINDOWS\System32\SHELL32.dll
0x00007ffd883b0000 - 0x00007ffd88c12000 	C:\WINDOWS\SYSTEM32\windows.storage.dll
0x00007ffd8b7e0000 - 0x00007ffd8bb58000 	C:\WINDOWS\System32\combase.dll
0x00007ffd88240000 - 0x00007ffd883a6000 	C:\WINDOWS\SYSTEM32\wintypes.dll
0x00007ffd8af30000 - 0x00007ffd8b01a000 	C:\WINDOWS\System32\SHCORE.dll
0x00007ffd8aed0000 - 0x00007ffd8af2d000 	C:\WINDOWS\System32\shlwapi.dll
0x00007ffd8a170000 - 0x00007ffd8a191000 	C:\WINDOWS\SYSTEM32\profapi.dll
0x00007ffd728e0000 - 0x00007ffd728f9000 	C:\Program Files\AdoptOpenJDK\jdk-11.0.11.9-hotspot\bin\net.dll
0x00007ffd84540000 - 0x00007ffd8464c000 	C:\WINDOWS\SYSTEM32\WINHTTP.dll
0x00007ffd89870000 - 0x00007ffd898d7000 	C:\WINDOWS\system32\mswsock.dll
0x00007ffd725e0000 - 0x00007ffd725f2000 	C:\Program Files\AdoptOpenJDK\jdk-11.0.11.9-hotspot\bin\nio.dll
0x0000010c45830000 - 0x0000010c45833000 	C:\Users\hoang\Downloads\openjfx-17.0.0.1_windows-x64_bin-sdk\javafx-sdk-17.0.0.1\bin\api-ms-win-core-console-l1-1-0.dll
0x0000010c45840000 - 0x0000010c45843000 	C:\Users\hoang\Downloads\openjfx-17.0.0.1_windows-x64_bin-sdk\javafx-sdk-17.0.0.1\bin\api-ms-win-core-console-l1-2-0.dll
0x0000010c45850000 - 0x0000010c45853000 	C:\Users\hoang\Downloads\openjfx-17.0.0.1_windows-x64_bin-sdk\javafx-sdk-17.0.0.1\bin\api-ms-win-core-datetime-l1-1-0.dll
0x0000010c45860000 - 0x0000010c45863000 	C:\Users\hoang\Downloads\openjfx-17.0.0.1_windows-x64_bin-sdk\javafx-sdk-17.0.0.1\bin\api-ms-win-core-debug-l1-1-0.dll
0x0000010c45870000 - 0x0000010c45873000 	C:\Users\hoang\Downloads\openjfx-17.0.0.1_windows-x64_bin-sdk\javafx-sdk-17.0.0.1\bin\api-ms-win-core-errorhandling-l1-1-0.dll
0x0000010c45880000 - 0x0000010c45884000 	C:\Users\hoang\Downloads\openjfx-17.0.0.1_windows-x64_bin-sdk\javafx-sdk-17.0.0.1\bin\api-ms-win-core-file-l1-1-0.dll
0x0000010c45890000 - 0x0000010c45893000 	C:\Users\hoang\Downloads\openjfx-17.0.0.1_windows-x64_bin-sdk\javafx-sdk-17.0.0.1\bin\api-ms-win-core-file-l1-2-0.dll
0x0000010c458a0000 - 0x0000010c458a3000 	C:\Users\hoang\Downloads\openjfx-17.0.0.1_windows-x64_bin-sdk\javafx-sdk-17.0.0.1\bin\api-ms-win-core-file-l2-1-0.dll
0x0000010c458b0000 - 0x0000010c458b3000 	C:\Users\hoang\Downloads\openjfx-17.0.0.1_windows-x64_bin-sdk\javafx-sdk-17.0.0.1\bin\api-ms-win-core-handle-l1-1-0.dll
0x0000010c458c0000 - 0x0000010c458c3000 	C:\Users\hoang\Downloads\openjfx-17.0.0.1_windows-x64_bin-sdk\javafx-sdk-17.0.0.1\bin\api-ms-win-core-heap-l1-1-0.dll
0x0000010c458d0000 - 0x0000010c458d3000 	C:\Users\hoang\Downloads\openjfx-17.0.0.1_windows-x64_bin-sdk\javafx-sdk-17.0.0.1\bin\api-ms-win-core-interlocked-l1-1-0.dll
0x0000010c458e0000 - 0x0000010c458e3000 	C:\Users\hoang\Downloads\openjfx-17.0.0.1_windows-x64_bin-sdk\javafx-sdk-17.0.0.1\bin\api-ms-win-core-libraryloader-l1-1-0.dll
0x0000010c458f0000 - 0x0000010c458f3000 	C:\Users\hoang\Downloads\openjfx-17.0.0.1_windows-x64_bin-sdk\javafx-sdk-17.0.0.1\bin\api-ms-win-core-localization-l1-2-0.dll
0x0000010c45900000 - 0x0000010c45903000 	C:\Users\hoang\Downloads\openjfx-17.0.0.1_windows-x64_bin-sdk\javafx-sdk-17.0.0.1\bin\api-ms-win-core-memory-l1-1-0.dll
0x0000010c45910000 - 0x0000010c45913000 	C:\Users\hoang\Downloads\openjfx-17.0.0.1_windows-x64_bin-sdk\javafx-sdk-17.0.0.1\bin\api-ms-win-core-namedpipe-l1-1-0.dll
0x0000010c45920000 - 0x0000010c45923000 	C:\Users\hoang\Downloads\openjfx-17.0.0.1_windows-x64_bin-sdk\javafx-sdk-17.0.0.1\bin\api-ms-win-core-processenvironment-l1-1-0.dll
0x0000010c45930000 - 0x0000010c45933000 	C:\Users\hoang\Downloads\openjfx-17.0.0.1_windows-x64_bin-sdk\javafx-sdk-17.0.0.1\bin\api-ms-win-core-processthreads-l1-1-0.dll
0x0000010c45940000 - 0x0000010c45943000 	C:\Users\hoang\Downloads\openjfx-17.0.0.1_windows-x64_bin-sdk\javafx-sdk-17.0.0.1\bin\api-ms-win-core-processthreads-l1-1-1.dll
0x0000010c45950000 - 0x0000010c45953000 	C:\Users\hoang\Downloads\openjfx-17.0.0.1_windows-x64_bin-sdk\javafx-sdk-17.0.0.1\bin\api-ms-win-core-profile-l1-1-0.dll
0x0000010c45960000 - 0x0000010c45963000 	C:\Users\hoang\Downloads\openjfx-17.0.0.1_windows-x64_bin-sdk\javafx-sdk-17.0.0.1\bin\api-ms-win-core-rtlsupport-l1-1-0.dll
0x0000010c45970000 - 0x0000010c45973000 	C:\Users\hoang\Downloads\openjfx-17.0.0.1_windows-x64_bin-sdk\javafx-sdk-17.0.0.1\bin\api-ms-win-core-string-l1-1-0.dll
0x0000010c45980000 - 0x0000010c45983000 	C:\Users\hoang\Downloads\openjfx-17.0.0.1_windows-x64_bin-sdk\javafx-sdk-17.0.0.1\bin\api-ms-win-core-synch-l1-1-0.dll
0x0000010c45990000 - 0x0000010c45993000 	C:\Users\hoang\Downloads\openjfx-17.0.0.1_windows-x64_bin-sdk\javafx-sdk-17.0.0.1\bin\api-ms-win-core-synch-l1-2-0.dll
0x0000010c459a0000 - 0x0000010c459a3000 	C:\Users\hoang\Downloads\openjfx-17.0.0.1_windows-x64_bin-sdk\javafx-sdk-17.0.0.1\bin\api-ms-win-core-sysinfo-l1-1-0.dll
0x0000010c459b0000 - 0x0000010c459b3000 	C:\Users\hoang\Downloads\openjfx-17.0.0.1_windows-x64_bin-sdk\javafx-sdk-17.0.0.1\bin\api-ms-win-core-timezone-l1-1-0.dll
0x0000010c459c0000 - 0x0000010c459c3000 	C:\Users\hoang\Downloads\openjfx-17.0.0.1_windows-x64_bin-sdk\javafx-sdk-17.0.0.1\bin\api-ms-win-core-util-l1-1-0.dll
0x0000010c459d0000 - 0x0000010c459d3000 	C:\Users\hoang\Downloads\openjfx-17.0.0.1_windows-x64_bin-sdk\javafx-sdk-17.0.0.1\bin\api-ms-win-crt-conio-l1-1-0.dll
0x0000010c459e0000 - 0x0000010c459e4000 	C:\Users\hoang\Downloads\openjfx-17.0.0.1_windows-x64_bin-sdk\javafx-sdk-17.0.0.1\bin\api-ms-win-crt-convert-l1-1-0.dll
0x0000010c459f0000 - 0x0000010c459f3000 	C:\Users\hoang\Downloads\openjfx-17.0.0.1_windows-x64_bin-sdk\javafx-sdk-17.0.0.1\bin\api-ms-win-crt-environment-l1-1-0.dll
0x0000010c45a00000 - 0x0000010c45a03000 	C:\Users\hoang\Downloads\openjfx-17.0.0.1_windows-x64_bin-sdk\javafx-sdk-17.0.0.1\bin\api-ms-win-crt-filesystem-l1-1-0.dll
0x0000010c45a10000 - 0x0000010c45a13000 	C:\Users\hoang\Downloads\openjfx-17.0.0.1_windows-x64_bin-sdk\javafx-sdk-17.0.0.1\bin\api-ms-win-crt-heap-l1-1-0.dll
0x0000010c45a20000 - 0x0000010c45a23000 	C:\Users\hoang\Downloads\openjfx-17.0.0.1_windows-x64_bin-sdk\javafx-sdk-17.0.0.1\bin\api-ms-win-crt-locale-l1-1-0.dll
0x0000010c45a30000 - 0x0000010c45a35000 	C:\Users\hoang\Downloads\openjfx-17.0.0.1_windows-x64_bin-sdk\javafx-sdk-17.0.0.1\bin\api-ms-win-crt-math-l1-1-0.dll
0x0000010c45a40000 - 0x0000010c45a45000 	C:\Users\hoang\Downloads\openjfx-17.0.0.1_windows-x64_bin-sdk\javafx-sdk-17.0.0.1\bin\api-ms-win-crt-multibyte-l1-1-0.dll
0x0000010c45a50000 - 0x0000010c45a60000 	C:\Users\hoang\Downloads\openjfx-17.0.0.1_windows-x64_bin-sdk\javafx-sdk-17.0.0.1\bin\api-ms-win-crt-private-l1-1-0.dll
0x0000010c45a60000 - 0x0000010c45a63000 	C:\Users\hoang\Downloads\openjfx-17.0.0.1_windows-x64_bin-sdk\javafx-sdk-17.0.0.1\bin\api-ms-win-crt-process-l1-1-0.dll
0x0000010c45a70000 - 0x0000010c45a74000 	C:\Users\hoang\Downloads\openjfx-17.0.0.1_windows-x64_bin-sdk\javafx-sdk-17.0.0.1\bin\api-ms-win-crt-runtime-l1-1-0.dll
0x0000010c45a80000 - 0x0000010c45a84000 	C:\Users\hoang\Downloads\openjfx-17.0.0.1_windows-x64_bin-sdk\javafx-sdk-17.0.0.1\bin\api-ms-win-crt-stdio-l1-1-0.dll
0x0000010c45a90000 - 0x0000010c45a94000 	C:\Users\hoang\Downloads\openjfx-17.0.0.1_windows-x64_bin-sdk\javafx-sdk-17.0.0.1\bin\api-ms-win-crt-string-l1-1-0.dll
0x0000010c45aa0000 - 0x0000010c45aa3000 	C:\Users\hoang\Downloads\openjfx-17.0.0.1_windows-x64_bin-sdk\javafx-sdk-17.0.0.1\bin\api-ms-win-crt-time-l1-1-0.dll
0x0000010c45ab0000 - 0x0000010c45ab3000 	C:\Users\hoang\Downloads\openjfx-17.0.0.1_windows-x64_bin-sdk\javafx-sdk-17.0.0.1\bin\api-ms-win-crt-utility-l1-1-0.dll
0x00007ffd34d40000 - 0x00007ffd34e3c000 	C:\Users\hoang\Downloads\openjfx-17.0.0.1_windows-x64_bin-sdk\javafx-sdk-17.0.0.1\bin\ucrtbase.dll
0x00007ffd58790000 - 0x00007ffd587aa000 	C:\Users\hoang\Downloads\openjfx-17.0.0.1_windows-x64_bin-sdk\javafx-sdk-17.0.0.1\bin\vcruntime140.dll
0x00007ffd687c0000 - 0x00007ffd687cc000 	C:\Users\hoang\Downloads\openjfx-17.0.0.1_windows-x64_bin-sdk\javafx-sdk-17.0.0.1\bin\vcruntime140_1.dll
0x00007ffd4c480000 - 0x00007ffd4c50d000 	C:\Users\hoang\Downloads\openjfx-17.0.0.1_windows-x64_bin-sdk\javafx-sdk-17.0.0.1\bin\msvcp140.dll
0x00007ffd582d0000 - 0x00007ffd582fa000 	C:\Users\hoang\Downloads\openjfx-17.0.0.1_windows-x64_bin-sdk\javafx-sdk-17.0.0.1\bin\prism_d3d.dll
0x00007ffd71d70000 - 0x00007ffd71f16000 	C:\WINDOWS\system32\d3d9.dll
0x00007ffd87860000 - 0x00007ffd8788f000 	C:\WINDOWS\SYSTEM32\dwmapi.dll
0x00007ffd875c0000 - 0x00007ffd875f8000 	C:\WINDOWS\SYSTEM32\dxcore.dll
0x00007ffd874b0000 - 0x00007ffd8755c000 	C:\WINDOWS\system32\uxtheme.dll
0x00007ffd33b10000 - 0x00007ffd33c76000 	C:\WINDOWS\System32\DriverStore\FileRepository\27_dell_coffeelake_hws_iigd_dch.inf_amd64_eaac47a9d72f8485\igdumdim64.dll
0x00007ffd8abf0000 - 0x00007ffd8ad8a000 	C:\WINDOWS\System32\ole32.dll
0x00007ffd0d250000 - 0x00007ffd10eb2000 	C:\WINDOWS\System32\DriverStore\FileRepository\27_dell_coffeelake_hws_iigd_dch.inf_amd64_eaac47a9d72f8485\igd9dxva64.dll
0x00007ffd8c020000 - 0x00007ffd8c0f6000 	C:\WINDOWS\System32\OLEAUT32.dll
0x00007ffd8b2a0000 - 0x00007ffd8b70b000 	C:\WINDOWS\System32\SETUPAPI.dll
0x00007ffd89f10000 - 0x00007ffd89f5c000 	C:\WINDOWS\SYSTEM32\cfgmgr32.dll
0x00007ffd7c550000 - 0x00007ffd7c912000 	C:\WINDOWS\System32\DriverStore\FileRepository\27_dell_coffeelake_hws_iigd_dch.inf_amd64_eaac47a9d72f8485\igdgmm64.dll
0x00007ffd84ab0000 - 0x00007ffd84af4000 	C:\WINDOWS\SYSTEM32\directxdatabasehelper.dll
0x00007ffd87720000 - 0x00007ffd87754000 	C:\WINDOWS\SYSTEM32\ntmarta.dll
0x00007ffd56fa0000 - 0x00007ffd56fe2000 	C:\Users\hoang\Downloads\openjfx-17.0.0.1_windows-x64_bin-sdk\javafx-sdk-17.0.0.1\bin\glass.dll
0x00007ffd8bcf0000 - 0x00007ffd8bddc000 	C:\WINDOWS\System32\COMDLG32.dll
0x00007ffd8c9c0000 - 0x00007ffd8cade000 	C:\WINDOWS\System32\MSCTF.dll
0x00007ffd75350000 - 0x00007ffd75377000 	C:\WINDOWS\System32\DriverStore\FileRepository\27_dell_coffeelake_hws_iigd_dch.inf_amd64_eaac47a9d72f8485\igdinfo64.dll
0x00007ffd79320000 - 0x00007ffd7c53c000 	C:\WINDOWS\System32\DriverStore\FileRepository\27_dell_coffeelake_hws_iigd_dch.inf_amd64_eaac47a9d72f8485\igc64.dll
0x00007ffd580a0000 - 0x00007ffd580b4000 	C:\Users\hoang\Downloads\openjfx-17.0.0.1_windows-x64_bin-sdk\javafx-sdk-17.0.0.1\bin\javafx_font.dll
0x00007ffd5b8a0000 - 0x00007ffd5baff000 	C:\WINDOWS\SYSTEM32\dwrite.dll
0x00007ffd8cc70000 - 0x00007ffd8cd1f000 	C:\WINDOWS\System32\clbcatq.dll
0x00007ffd7fdb0000 - 0x00007ffd7ff5e000 	C:\WINDOWS\SYSTEM32\WindowsCodecs.dll
0x00007ffd580c0000 - 0x00007ffd5811d000 	C:\WINDOWS\system32\dataexchange.dll
0x00007ffd7ee90000 - 0x00007ffd7f0f6000 	C:\WINDOWS\system32\twinapi.appcore.dll
0x00007ffd724c0000 - 0x00007ffd724f2000 	C:\Program Files\Common Files\Microsoft Shared\Ink\rtscom.dll
0x00007ffd59250000 - 0x00007ffd5937d000 	C:\WINDOWS\SYSTEM32\textinputframework.dll
0x00007ffd86c70000 - 0x00007ffd86da2000 	C:\WINDOWS\SYSTEM32\CoreMessaging.dll
0x00007ffd83fb0000 - 0x00007ffd8431d000 	C:\WINDOWS\SYSTEM32\CoreUIComponents.dll
0x00007ffd89ad0000 - 0x00007ffd89adc000 	C:\WINDOWS\SYSTEM32\CRYPTBASE.DLL

dbghelp: loaded successfully - version: 4.0.5 - missing functions: none
symbol engine: initialized successfully - sym options: 0x614 - pdb path: .;C:\Program Files\AdoptOpenJDK\jdk-11.0.11.9-hotspot\bin;C:\WINDOWS\SYSTEM32;C:\WINDOWS\WinSxS\amd64_microsoft.windows.common-controls_6595b64144ccf1df_6.0.22000.120_none_9d947278b86cc467;C:\Program Files\AdoptOpenJDK\jdk-11.0.11.9-hotspot\bin\server;C:\Users\hoang\Downloads\openjfx-17.0.0.1_windows-x64_bin-sdk\javafx-sdk-17.0.0.1\bin;C:\WINDOWS\System32\DriverStore\FileRepository\27_dell_coffeelake_hws_iigd_dch.inf_amd64_eaac47a9d72f8485;C:\Program Files\Common Files\Microsoft Shared\Ink

VM Arguments:
jvm_args: --module-path=C:/Users/hoang/Downloads/openjfx-17.0.0.1_windows-x64_bin-sdk/javafx-sdk-17.0.0.1/lib --add-modules=javafx.controls,javafx.fxml,javafx.base,javafx.graphics -Dfile.encoding=UTF-8 
java_command: translator.gui.App
java_class_path (initial): C:\Users\hoang\Desktop\dictionary-java\target\classes;C:\Users\hoang\.m2\repository\com\jfoenix\jfoenix\9.0.1\jfoenix-9.0.1.jar;C:\Users\hoang\.m2\repository\com\googlecode\json-simple\json-simple\1.1.1\json-simple-1.1.1.jar;C:\Users\hoang\.m2\repository\junit\junit\4.10\junit-4.10.jar;C:\Users\hoang\.m2\repository\org\hamcrest\hamcrest-core\1.1\hamcrest-core-1.1.jar;C:\Users\hoang\.m2\repository\com\google\code\gson\gson\2.8.8\gson-2.8.8.jar;C:\Users\hoang\.m2\repository\org\json\json\20210307\json-20210307.jar;C:\Users\hoang\.m2\repository\org\openjfx\javafx-controls\13\javafx-controls-13.jar;C:\Users\hoang\.m2\repository\org\openjfx\javafx-controls\13\javafx-controls-13-win.jar;C:\Users\hoang\.m2\repository\org\openjfx\javafx-graphics\13\javafx-graphics-13.jar;C:\Users\hoang\.m2\repository\org\openjfx\javafx-graphics\13\javafx-graphics-13-win.jar;C:\Users\hoang\.m2\repository\org\openjfx\javafx-base\13\javafx-base-13.jar;C:\Users\hoang\.m2\repository\org\openjfx\javafx-base\13\javafx-base-13-win.jar;C:\Users\hoang\.m2\repository\org\openjfx\javafx-fxml\13\javafx-fxml-13.jar;C:\Users\hoang\.m2\repository\org\openjfx\javafx-fxml\13\javafx-fxml-13-win.jar
Launcher Type: SUN_STANDARD

[Global flags]
     intx CICompilerCount                          = 4                                         {product} {ergonomic}
     uint ConcGCThreads                            = 2                                         {product} {ergonomic}
     uint G1ConcRefinementThreads                  = 8                                         {product} {ergonomic}
   size_t G1HeapRegionSize                         = 1048576                                   {product} {ergonomic}
    uintx GCDrainStackTargetSize                   = 64                                        {product} {ergonomic}
   size_t InitialHeapSize                          = 132120576                                 {product} {ergonomic}
   size_t MarkStackSize                            = 4194304                                   {product} {ergonomic}
   size_t MaxHeapSize                              = 2088763392                                {product} {ergonomic}
   size_t MaxNewSize                               = 1253048320                                {product} {ergonomic}
   size_t MinHeapDeltaBytes                        = 1048576                                   {product} {ergonomic}
    uintx NonNMethodCodeHeapSize                   = 5836300                                {pd product} {ergonomic}
    uintx NonProfiledCodeHeapSize                  = 122910970                              {pd product} {ergonomic}
    uintx ProfiledCodeHeapSize                     = 122910970                              {pd product} {ergonomic}
    uintx ReservedCodeCacheSize                    = 251658240                              {pd product} {ergonomic}
     bool SegmentedCodeCache                       = true                                      {product} {ergonomic}
     bool UseCompressedClassPointers               = true                                 {lp64_product} {ergonomic}
     bool UseCompressedOops                        = true                                 {lp64_product} {ergonomic}
     bool UseG1GC                                  = true                                      {product} {ergonomic}
     bool UseLargePagesIndividualAllocation        = false                                  {pd product} {ergonomic}

Logging:
Log output configuration:
 #0: stdout all=warning uptime,level,tags
 #1: stderr all=off uptime,level,tags

Environment Variables:
JAVA_HOME=C:\Program Files\AdoptOpenJDK\jdk-11.0.11.9-hotspot
PATH=C:\Program Files\AdoptOpenJDK\jdk-11.0.11.9-hotspot\bin;C:\Windows\system32;C:\Windows;C:\Windows\System32\Wbem;C:\Windows\System32\WindowsPowerShell\v1.0\;C:\Windows\System32\OpenSSH\;C:\Program Files\NVIDIA Corporation\NVIDIA NvDLISR;C:\Program Files (x86)\NVIDIA Corporation\PhysX\Common;C:\ProgramData\chocolatey\bin;C:\Program Files\Git\cmd;C:\Program Files\nodejs\;C:\WINDOWS\system32;C:\WINDOWS;C:\WINDOWS\System32\Wbem;C:\WINDOWS\System32\WindowsPowerShell\v1.0\;C:\WINDOWS\System32\OpenSSH\;C:\Program Files\PowerShell\7\;C:\Users\hoang\AppData\Local\Programs\Python\Python39\Scripts\;C:\Users\hoang\AppData\Local\Programs\Python\Python39\;C:\Users\hoang\AppData\Local\Microsoft\WindowsApps;C:\Users\hoang\AppData\Local\Programs\Microsoft VS Code\bin;C:\MinGW\bin;C:\Program Files\AdoptOpenJDK\jdk-11.0.11.9-hotspot\bin;C:\Program Files\Git\bin;C:\Users\hoang\AppData\Roaming\npm;C:\Program Files\apache-maven-3.8.1\bin;C:\tools\neovim\Neovim\bin;C:\Users\hoang\AppData\Local\coc\extensions\coc-clangd-data\install\12.0.1\clangd_12.0.1\bin;C:\Program Files\heroku\bin;C:\Program Files\javafx-sdk-17.0.0.1\bin;
USERNAME=hoang
LANG=en_US.UTF-8
OS=Windows_NT
PROCESSOR_IDENTIFIER=Intel64 Family 6 Model 158 Stepping 10, GenuineIntel



---------------  S Y S T E M  ---------------

OS: Windows 10 , 64 bit Build 22000 (10.0.22000.120)
OS uptime: 0 days 14:48 hours
Hyper-V role detected

CPU:total 8 (initial active 8) (4 cores per cpu, 2 threads per core) family 6 model 158 stepping 10 microcode 0xea, cmov, cx8, fxsr, mmx, sse, sse2, sse3, ssse3, sse4.1, sse4.2, popcnt, avx, avx2, aes, clmul, erms, 3dnowpref, lzcnt, ht, tsc, tscinvbit, bmi1, bmi2, adx, fma

Memory: 4k page, system-wide physical 7960M (346M free)
TotalPageFile size 22866M (AvailPageFile size 0M)
current process WorkingSet (physical memory assigned to process): 211M, peak: 211M
current process commit charge ("private bytes"): 325M, peak: 325M

vm_info: OpenJDK 64-Bit Server VM (11.0.11+9) for windows-amd64 JRE (11.0.11+9), built on Apr 20 2021 21:22:09 by "" with MS VC++ 15.9 (VS2017)

END.
