#
# There is insufficient memory for the Java Runtime Environment to continue.
# Native memory allocation (malloc) failed to allocate 2438256 bytes for Chunk::new
# Possible reasons:
#   The system is out of physical RAM or swap space
#   The process is running with CompressedOops enabled, and the Java Heap may be blocking the growth of the native heap
# Possible solutions:
#   Reduce memory load on the system
#   Increase physical memory or swap space
#   Check if swap backing store is full
#   Decrease Java heap size (-Xmx/-Xms)
#   Decrease number of Java threads
#   Decrease Java thread stack sizes (-Xss)
#   Set larger code cache with -XX:ReservedCodeCacheSize=
#   JVM is running with Unscaled Compressed Oops mode in which the Java heap is
#     placed in the first 4GB address space. The Java Heap base address is the
#     maximum limit for the native heap growth. Please use -XX:HeapBaseMinAddress
#     to set the Java Heap base and to place the Java Heap above 4GB virtual address.
# This output file may be truncated or incomplete.
#
#  Out of Memory Error (./src/hotspot/share/memory/arena.cpp:197), pid=2268, tid=6180
#
# JRE version: OpenJDK Runtime Environment AdoptOpenJDK-11.0.11+9 (11.0.11+9) (build 11.0.11+9)
# Java VM: OpenJDK 64-Bit Server VM AdoptOpenJDK-11.0.11+9 (11.0.11+9, mixed mode, tiered, compressed oops, g1 gc, windows-amd64)
# No core dump will be written. Minidumps are not enabled by default on client versions of Windows
#

---------------  S U M M A R Y ------------

Command Line: --module-path=C:/Users/hoang/Downloads/openjfx-17.0.0.1_windows-x64_bin-sdk/javafx-sdk-17.0.0.1/lib --add-modules=javafx.controls,javafx.fxml,javafx.base,javafx.graphics -Dfile.encoding=UTF-8 translator.gui.App

Host: Intel(R) Core(TM) i5-9300H CPU @ 2.40GHz, 8 cores, 7G,  Windows 10 , 64 bit Build 22000 (10.0.22000.120)
Time: Thu Sep 30 22:10:14 2021 SE Asia Standard Time elapsed time: 0.916210 seconds (0d 0h 0m 0s)

---------------  T H R E A D  ---------------

Current thread (0x0000024ff4922000):  JavaThread "C2 CompilerThread1" daemon [_thread_in_native, id=6180, stack(0x00000064be400000,0x00000064be500000)]


Current CompileTask:
C2:    916 1248   !   4       com.sun.javafx.css.ParsedValueImpl::readBinary (688 bytes)

Stack: [0x00000064be400000,0x00000064be500000]
Native frames: (J=compiled Java code, j=interpreted, Vv=VM code, C=native code)
V  [jvm.dll+0x5f7e5a]
V  [jvm.dll+0x77ff2e]
V  [jvm.dll+0x7815ff]
V  [jvm.dll+0x781cc3]
V  [jvm.dll+0x247408]
V  [jvm.dll+0xbe69c]
V  [jvm.dll+0xbed9c]
V  [jvm.dll+0x34cb47]
V  [jvm.dll+0x31a653]
V  [jvm.dll+0x31998a]
V  [jvm.dll+0x200d85]
V  [jvm.dll+0x1fff6f]
V  [jvm.dll+0x184f1c]
V  [jvm.dll+0x20f3e7]
V  [jvm.dll+0x20d5cb]
V  [jvm.dll+0x7442f9]
V  [jvm.dll+0x73d364]
V  [jvm.dll+0x5f6cd6]
C  [ucrtbase.dll+0x26c0c]
C  [KERNEL32.DLL+0x154e0]
C  [ntdll.dll+0x485b]


---------------  P R O C E S S  ---------------

Threads class SMR info:
_java_thread_list=0x0000024ff523f090, length=16, elements={
0x0000024fd2ede800, 0x0000024ff3d29800, 0x0000024ff3d5a000, 0x0000024ff46c7800,
0x0000024ff46c8800, 0x0000024ff46cb800, 0x0000024ff46ce800, 0x0000024ff46d0000,
0x0000024ff46d9000, 0x0000024ff4859800, 0x0000024ff4922000, 0x0000024ff48b1000,
0x0000024ff5bd3000, 0x0000024ff6cba800, 0x0000024ff4a88800, 0x0000024ff51a1000
}

Java Threads: ( => current thread )
  0x0000024fd2ede800 JavaThread "main" [_thread_blocked, id=2896, stack(0x00000064bd400000,0x00000064bd500000)]
  0x0000024ff3d29800 JavaThread "Reference Handler" daemon [_thread_blocked, id=16972, stack(0x00000064bdb00000,0x00000064bdc00000)]
  0x0000024ff3d5a000 JavaThread "Finalizer" daemon [_thread_blocked, id=9484, stack(0x00000064bdc00000,0x00000064bdd00000)]
  0x0000024ff46c7800 JavaThread "Signal Dispatcher" daemon [_thread_blocked, id=14220, stack(0x00000064bdd00000,0x00000064bde00000)]
  0x0000024ff46c8800 JavaThread "Attach Listener" daemon [_thread_blocked, id=17120, stack(0x00000064bde00000,0x00000064bdf00000)]
  0x0000024ff46cb800 JavaThread "Service Thread" daemon [_thread_blocked, id=12392, stack(0x00000064bdf00000,0x00000064be000000)]
  0x0000024ff46ce800 JavaThread "C2 CompilerThread0" daemon [_thread_in_native, id=12608, stack(0x00000064be000000,0x00000064be100000)]
  0x0000024ff46d0000 JavaThread "C1 CompilerThread0" daemon [_thread_in_native, id=14736, stack(0x00000064be100000,0x00000064be200000)]
  0x0000024ff46d9000 JavaThread "Sweeper thread" daemon [_thread_blocked, id=1892, stack(0x00000064be200000,0x00000064be300000)]
  0x0000024ff4859800 JavaThread "Common-Cleaner" daemon [_thread_blocked, id=7144, stack(0x00000064be300000,0x00000064be400000)]
=>0x0000024ff4922000 JavaThread "C2 CompilerThread1" daemon [_thread_in_native, id=6180, stack(0x00000064be400000,0x00000064be500000)]
  0x0000024ff48b1000 JavaThread "QuantumRenderer-0" daemon [_thread_blocked, id=14632, stack(0x00000064be600000,0x00000064be700000)]
  0x0000024ff5bd3000 JavaThread "InvokeLaterDispatcher" daemon [_thread_blocked, id=14612, stack(0x00000064be700000,0x00000064be800000)]
  0x0000024ff6cba800 JavaThread "JavaFX Application Thread" [_thread_in_vm, id=12836, stack(0x00000064be800000,0x00000064be900000)]
  0x0000024ff4a88800 JavaThread "JavaFX-Launcher" [_thread_blocked, id=5604, stack(0x00000064bed00000,0x00000064bee00000)]
  0x0000024ff51a1000 JavaThread "Thread-2" daemon [_thread_in_native, id=952, stack(0x00000064bec00000,0x00000064bed00000)]

Other Threads:
  0x0000024ff3d29000 VMThread "VM Thread" [stack: 0x00000064bda00000,0x00000064bdb00000] [id=4496]
  0x0000024ff48b0800 WatcherThread [stack: 0x00000064be500000,0x00000064be600000] [id=4232]
  0x0000024fd2ef8000 GCTaskThread "GC Thread#0" [stack: 0x00000064bd500000,0x00000064bd600000] [id=17656]
  0x0000024ff5663800 GCTaskThread "GC Thread#1" [stack: 0x00000064bee00000,0x00000064bef00000] [id=4356]
  0x0000024ff5898800 GCTaskThread "GC Thread#2" [stack: 0x00000064bef00000,0x00000064bf000000] [id=4552]
  0x0000024ff519f800 GCTaskThread "GC Thread#3" [stack: 0x00000064bf000000,0x00000064bf100000] [id=14276]
  0x0000024ff5415000 GCTaskThread "GC Thread#4" [stack: 0x00000064bf100000,0x00000064bf200000] [id=17668]
  0x0000024ff5415800 GCTaskThread "GC Thread#5" [stack: 0x00000064bf200000,0x00000064bf300000] [id=16816]
  0x0000024fd2f27000 ConcurrentGCThread "G1 Main Marker" [stack: 0x00000064bd600000,0x00000064bd700000] [id=8884]
  0x0000024fd2f28800 ConcurrentGCThread "G1 Conc#0" [stack: 0x00000064bd700000,0x00000064bd800000] [id=1540]
  0x0000024fd2fae000 ConcurrentGCThread "G1 Refine#0" [stack: 0x00000064bd800000,0x00000064bd900000] [id=9852]
  0x0000024ff3b90800 ConcurrentGCThread "G1 Young RemSet Sampling" [stack: 0x00000064bd900000,0x00000064bda00000] [id=16828]

Threads with active compile tasks:
C2 CompilerThread0    961 1334 %     4       com.sun.javafx.image.impl.ByteBgra$ToByteBgraPreConv::doConvert @ 27 (214 bytes)
C1 CompilerThread0    961 1415       3       com.sun.javafx.fxml.BeanAdapter::getGetterMethod (42 bytes)
C2 CompilerThread1    961 1248   !   4       com.sun.javafx.css.ParsedValueImpl::readBinary (688 bytes)

VM state:not at safepoint (normal execution)

VM Mutex/Monitor currently owned by a thread:  ([mutex/lock_event])
[0x0000024fd2ed9f70] AdapterHandlerLibrary_lock - owner thread: 0x0000024ff6cba800

Heap address: 0x0000000083800000, size: 1992 MB, Compressed Oops mode: 32-bit
Narrow klass base: 0x0000000000000000, Narrow klass shift: 3
Compressed class space size: 1073741824 Address: 0x0000000100000000

Heap:
 garbage-first heap   total 129024K, used 20439K [0x0000000083800000, 0x0000000100000000)
  region size 1024K, 21 young (21504K), 3 survivors (3072K)
 Metaspace       used 16441K, capacity 16949K, committed 17024K, reserved 1064960K
  class space    used 1978K, capacity 2174K, committed 2176K, reserved 1048576K
Heap Regions: E=young(eden), S=young(survivor), O=old, HS=humongous(starts), HC=humongous(continues), CS=collection set, F=free, A=archive, TAMS=top-at-mark-start (previous, next)
|   0|0x0000000083800000, 0x00000000838f5c00, 0x0000000083900000| 95%| O|  |TAMS 0x0000000083800000, 0x0000000083800000| Untracked 
|   1|0x0000000083900000, 0x0000000083900000, 0x0000000083a00000|  0%| F|  |TAMS 0x0000000083900000, 0x0000000083900000| Untracked 
|   2|0x0000000083a00000, 0x0000000083a00000, 0x0000000083b00000|  0%| F|  |TAMS 0x0000000083a00000, 0x0000000083a00000| Untracked 
|   3|0x0000000083b00000, 0x0000000083b00000, 0x0000000083c00000|  0%| F|  |TAMS 0x0000000083b00000, 0x0000000083b00000| Untracked 
|   4|0x0000000083c00000, 0x0000000083c00000, 0x0000000083d00000|  0%| F|  |TAMS 0x0000000083c00000, 0x0000000083c00000| Untracked 
|   5|0x0000000083d00000, 0x0000000083d00000, 0x0000000083e00000|  0%| F|  |TAMS 0x0000000083d00000, 0x0000000083d00000| Untracked 
|   6|0x0000000083e00000, 0x0000000083e00000, 0x0000000083f00000|  0%| F|  |TAMS 0x0000000083e00000, 0x0000000083e00000| Untracked 
|   7|0x0000000083f00000, 0x0000000083f00000, 0x0000000084000000|  0%| F|  |TAMS 0x0000000083f00000, 0x0000000083f00000| Untracked 
|   8|0x0000000084000000, 0x0000000084000000, 0x0000000084100000|  0%| F|  |TAMS 0x0000000084000000, 0x0000000084000000| Untracked 
|   9|0x0000000084100000, 0x0000000084100000, 0x0000000084200000|  0%| F|  |TAMS 0x0000000084100000, 0x0000000084100000| Untracked 
|  10|0x0000000084200000, 0x0000000084200000, 0x0000000084300000|  0%| F|  |TAMS 0x0000000084200000, 0x0000000084200000| Untracked 
|  11|0x0000000084300000, 0x0000000084300000, 0x0000000084400000|  0%| F|  |TAMS 0x0000000084300000, 0x0000000084300000| Untracked 
|  12|0x0000000084400000, 0x0000000084400000, 0x0000000084500000|  0%| F|  |TAMS 0x0000000084400000, 0x0000000084400000| Untracked 
|  13|0x0000000084500000, 0x0000000084500000, 0x0000000084600000|  0%| F|  |TAMS 0x0000000084500000, 0x0000000084500000| Untracked 
|  14|0x0000000084600000, 0x0000000084600000, 0x0000000084700000|  0%| F|  |TAMS 0x0000000084600000, 0x0000000084600000| Untracked 
|  15|0x0000000084700000, 0x0000000084700000, 0x0000000084800000|  0%| F|  |TAMS 0x0000000084700000, 0x0000000084700000| Untracked 
|  16|0x0000000084800000, 0x0000000084800000, 0x0000000084900000|  0%| F|  |TAMS 0x0000000084800000, 0x0000000084800000| Untracked 
|  17|0x0000000084900000, 0x0000000084900000, 0x0000000084a00000|  0%| F|  |TAMS 0x0000000084900000, 0x0000000084900000| Untracked 
|  18|0x0000000084a00000, 0x0000000084a00000, 0x0000000084b00000|  0%| F|  |TAMS 0x0000000084a00000, 0x0000000084a00000| Untracked 
|  19|0x0000000084b00000, 0x0000000084b00000, 0x0000000084c00000|  0%| F|  |TAMS 0x0000000084b00000, 0x0000000084b00000| Untracked 
|  20|0x0000000084c00000, 0x0000000084c00000, 0x0000000084d00000|  0%| F|  |TAMS 0x0000000084c00000, 0x0000000084c00000| Untracked 
|  21|0x0000000084d00000, 0x0000000084d00000, 0x0000000084e00000|  0%| F|  |TAMS 0x0000000084d00000, 0x0000000084d00000| Untracked 
|  22|0x0000000084e00000, 0x0000000084e00000, 0x0000000084f00000|  0%| F|  |TAMS 0x0000000084e00000, 0x0000000084e00000| Untracked 
|  23|0x0000000084f00000, 0x0000000084f00000, 0x0000000085000000|  0%| F|  |TAMS 0x0000000084f00000, 0x0000000084f00000| Untracked 
|  24|0x0000000085000000, 0x0000000085000000, 0x0000000085100000|  0%| F|  |TAMS 0x0000000085000000, 0x0000000085000000| Untracked 
|  25|0x0000000085100000, 0x0000000085100000, 0x0000000085200000|  0%| F|  |TAMS 0x0000000085100000, 0x0000000085100000| Untracked 
|  26|0x0000000085200000, 0x0000000085200000, 0x0000000085300000|  0%| F|  |TAMS 0x0000000085200000, 0x0000000085200000| Untracked 
|  27|0x0000000085300000, 0x0000000085300000, 0x0000000085400000|  0%| F|  |TAMS 0x0000000085300000, 0x0000000085300000| Untracked 
|  28|0x0000000085400000, 0x0000000085400000, 0x0000000085500000|  0%| F|  |TAMS 0x0000000085400000, 0x0000000085400000| Untracked 
|  29|0x0000000085500000, 0x0000000085500000, 0x0000000085600000|  0%| F|  |TAMS 0x0000000085500000, 0x0000000085500000| Untracked 
|  30|0x0000000085600000, 0x0000000085600000, 0x0000000085700000|  0%| F|  |TAMS 0x0000000085600000, 0x0000000085600000| Untracked 
|  31|0x0000000085700000, 0x0000000085700000, 0x0000000085800000|  0%| F|  |TAMS 0x0000000085700000, 0x0000000085700000| Untracked 
|  32|0x0000000085800000, 0x0000000085800000, 0x0000000085900000|  0%| F|  |TAMS 0x0000000085800000, 0x0000000085800000| Untracked 
|  33|0x0000000085900000, 0x0000000085900000, 0x0000000085a00000|  0%| F|  |TAMS 0x0000000085900000, 0x0000000085900000| Untracked 
|  34|0x0000000085a00000, 0x0000000085a00000, 0x0000000085b00000|  0%| F|  |TAMS 0x0000000085a00000, 0x0000000085a00000| Untracked 
|  35|0x0000000085b00000, 0x0000000085b00000, 0x0000000085c00000|  0%| F|  |TAMS 0x0000000085b00000, 0x0000000085b00000| Untracked 
|  36|0x0000000085c00000, 0x0000000085c00000, 0x0000000085d00000|  0%| F|  |TAMS 0x0000000085c00000, 0x0000000085c00000| Untracked 
|  37|0x0000000085d00000, 0x0000000085d00000, 0x0000000085e00000|  0%| F|  |TAMS 0x0000000085d00000, 0x0000000085d00000| Untracked 
|  38|0x0000000085e00000, 0x0000000085e00000, 0x0000000085f00000|  0%| F|  |TAMS 0x0000000085e00000, 0x0000000085e00000| Untracked 
|  39|0x0000000085f00000, 0x0000000085f00000, 0x0000000086000000|  0%| F|  |TAMS 0x0000000085f00000, 0x0000000085f00000| Untracked 
|  40|0x0000000086000000, 0x0000000086000000, 0x0000000086100000|  0%| F|  |TAMS 0x0000000086000000, 0x0000000086000000| Untracked 
|  41|0x0000000086100000, 0x0000000086100000, 0x0000000086200000|  0%| F|  |TAMS 0x0000000086100000, 0x0000000086100000| Untracked 
|  42|0x0000000086200000, 0x0000000086200000, 0x0000000086300000|  0%| F|  |TAMS 0x0000000086200000, 0x0000000086200000| Untracked 
|  43|0x0000000086300000, 0x0000000086300000, 0x0000000086400000|  0%| F|  |TAMS 0x0000000086300000, 0x0000000086300000| Untracked 
|  44|0x0000000086400000, 0x0000000086400000, 0x0000000086500000|  0%| F|  |TAMS 0x0000000086400000, 0x0000000086400000| Untracked 
|  45|0x0000000086500000, 0x0000000086500000, 0x0000000086600000|  0%| F|  |TAMS 0x0000000086500000, 0x0000000086500000| Untracked 
|  46|0x0000000086600000, 0x0000000086600000, 0x0000000086700000|  0%| F|  |TAMS 0x0000000086600000, 0x0000000086600000| Untracked 
|  47|0x0000000086700000, 0x0000000086700000, 0x0000000086800000|  0%| F|  |TAMS 0x0000000086700000, 0x0000000086700000| Untracked 
|  48|0x0000000086800000, 0x0000000086800000, 0x0000000086900000|  0%| F|  |TAMS 0x0000000086800000, 0x0000000086800000| Untracked 
|  49|0x0000000086900000, 0x0000000086900000, 0x0000000086a00000|  0%| F|  |TAMS 0x0000000086900000, 0x0000000086900000| Untracked 
|  50|0x0000000086a00000, 0x0000000086a00000, 0x0000000086b00000|  0%| F|  |TAMS 0x0000000086a00000, 0x0000000086a00000| Untracked 
|  51|0x0000000086b00000, 0x0000000086b00000, 0x0000000086c00000|  0%| F|  |TAMS 0x0000000086b00000, 0x0000000086b00000| Untracked 
|  52|0x0000000086c00000, 0x0000000086c00000, 0x0000000086d00000|  0%| F|  |TAMS 0x0000000086c00000, 0x0000000086c00000| Untracked 
|  53|0x0000000086d00000, 0x0000000086d00000, 0x0000000086e00000|  0%| F|  |TAMS 0x0000000086d00000, 0x0000000086d00000| Untracked 
|  54|0x0000000086e00000, 0x0000000086e00000, 0x0000000086f00000|  0%| F|  |TAMS 0x0000000086e00000, 0x0000000086e00000| Untracked 
|  55|0x0000000086f00000, 0x0000000086f00000, 0x0000000087000000|  0%| F|  |TAMS 0x0000000086f00000, 0x0000000086f00000| Untracked 
|  56|0x0000000087000000, 0x0000000087000000, 0x0000000087100000|  0%| F|  |TAMS 0x0000000087000000, 0x0000000087000000| Untracked 
|  57|0x0000000087100000, 0x0000000087100000, 0x0000000087200000|  0%| F|  |TAMS 0x0000000087100000, 0x0000000087100000| Untracked 
|  58|0x0000000087200000, 0x0000000087200000, 0x0000000087300000|  0%| F|  |TAMS 0x0000000087200000, 0x0000000087200000| Untracked 
|  59|0x0000000087300000, 0x0000000087300000, 0x0000000087400000|  0%| F|  |TAMS 0x0000000087300000, 0x0000000087300000| Untracked 
|  60|0x0000000087400000, 0x0000000087400000, 0x0000000087500000|  0%| F|  |TAMS 0x0000000087400000, 0x0000000087400000| Untracked 
|  61|0x0000000087500000, 0x0000000087500000, 0x0000000087600000|  0%| F|  |TAMS 0x0000000087500000, 0x0000000087500000| Untracked 
|  62|0x0000000087600000, 0x0000000087600000, 0x0000000087700000|  0%| F|  |TAMS 0x0000000087600000, 0x0000000087600000| Untracked 
|  63|0x0000000087700000, 0x0000000087700000, 0x0000000087800000|  0%| F|  |TAMS 0x0000000087700000, 0x0000000087700000| Untracked 
|  64|0x0000000087800000, 0x0000000087800000, 0x0000000087900000|  0%| F|  |TAMS 0x0000000087800000, 0x0000000087800000| Untracked 
|  65|0x0000000087900000, 0x0000000087900000, 0x0000000087a00000|  0%| F|  |TAMS 0x0000000087900000, 0x0000000087900000| Untracked 
|  66|0x0000000087a00000, 0x0000000087a00000, 0x0000000087b00000|  0%| F|  |TAMS 0x0000000087a00000, 0x0000000087a00000| Untracked 
|  67|0x0000000087b00000, 0x0000000087b00000, 0x0000000087c00000|  0%| F|  |TAMS 0x0000000087b00000, 0x0000000087b00000| Untracked 
|  68|0x0000000087c00000, 0x0000000087c00000, 0x0000000087d00000|  0%| F|  |TAMS 0x0000000087c00000, 0x0000000087c00000| Untracked 
|  69|0x0000000087d00000, 0x0000000087d00000, 0x0000000087e00000|  0%| F|  |TAMS 0x0000000087d00000, 0x0000000087d00000| Untracked 
|  70|0x0000000087e00000, 0x0000000087e00000, 0x0000000087f00000|  0%| F|  |TAMS 0x0000000087e00000, 0x0000000087e00000| Untracked 
|  71|0x0000000087f00000, 0x0000000087f00000, 0x0000000088000000|  0%| F|  |TAMS 0x0000000087f00000, 0x0000000087f00000| Untracked 
|  72|0x0000000088000000, 0x0000000088000000, 0x0000000088100000|  0%| F|  |TAMS 0x0000000088000000, 0x0000000088000000| Untracked 
|  73|0x0000000088100000, 0x0000000088100000, 0x0000000088200000|  0%| F|  |TAMS 0x0000000088100000, 0x0000000088100000| Untracked 
|  74|0x0000000088200000, 0x0000000088200000, 0x0000000088300000|  0%| F|  |TAMS 0x0000000088200000, 0x0000000088200000| Untracked 
|  75|0x0000000088300000, 0x0000000088300000, 0x0000000088400000|  0%| F|  |TAMS 0x0000000088300000, 0x0000000088300000| Untracked 
|  76|0x0000000088400000, 0x0000000088400000, 0x0000000088500000|  0%| F|  |TAMS 0x0000000088400000, 0x0000000088400000| Untracked 
|  77|0x0000000088500000, 0x0000000088500000, 0x0000000088600000|  0%| F|  |TAMS 0x0000000088500000, 0x0000000088500000| Untracked 
|  78|0x0000000088600000, 0x0000000088600000, 0x0000000088700000|  0%| F|  |TAMS 0x0000000088600000, 0x0000000088600000| Untracked 
|  79|0x0000000088700000, 0x0000000088700000, 0x0000000088800000|  0%| F|  |TAMS 0x0000000088700000, 0x0000000088700000| Untracked 
|  80|0x0000000088800000, 0x0000000088800000, 0x0000000088900000|  0%| F|  |TAMS 0x0000000088800000, 0x0000000088800000| Untracked 
|  81|0x0000000088900000, 0x0000000088900000, 0x0000000088a00000|  0%| F|  |TAMS 0x0000000088900000, 0x0000000088900000| Untracked 
|  82|0x0000000088a00000, 0x0000000088a00000, 0x0000000088b00000|  0%| F|  |TAMS 0x0000000088a00000, 0x0000000088a00000| Untracked 
|  83|0x0000000088b00000, 0x0000000088b00000, 0x0000000088c00000|  0%| F|  |TAMS 0x0000000088b00000, 0x0000000088b00000| Untracked 
|  84|0x0000000088c00000, 0x0000000088c00000, 0x0000000088d00000|  0%| F|  |TAMS 0x0000000088c00000, 0x0000000088c00000| Untracked 
|  85|0x0000000088d00000, 0x0000000088d00000, 0x0000000088e00000|  0%| F|  |TAMS 0x0000000088d00000, 0x0000000088d00000| Untracked 
|  86|0x0000000088e00000, 0x0000000088e00000, 0x0000000088f00000|  0%| F|  |TAMS 0x0000000088e00000, 0x0000000088e00000| Untracked 
|  87|0x0000000088f00000, 0x0000000088f00000, 0x0000000089000000|  0%| F|  |TAMS 0x0000000088f00000, 0x0000000088f00000| Untracked 
|  88|0x0000000089000000, 0x0000000089000000, 0x0000000089100000|  0%| F|  |TAMS 0x0000000089000000, 0x0000000089000000| Untracked 
|  89|0x0000000089100000, 0x0000000089100000, 0x0000000089200000|  0%| F|  |TAMS 0x0000000089100000, 0x0000000089100000| Untracked 
|  90|0x0000000089200000, 0x0000000089200000, 0x0000000089300000|  0%| F|  |TAMS 0x0000000089200000, 0x0000000089200000| Untracked 
|  91|0x0000000089300000, 0x0000000089300000, 0x0000000089400000|  0%| F|  |TAMS 0x0000000089300000, 0x0000000089300000| Untracked 
|  92|0x0000000089400000, 0x0000000089400000, 0x0000000089500000|  0%| F|  |TAMS 0x0000000089400000, 0x0000000089400000| Untracked 
|  93|0x0000000089500000, 0x0000000089500000, 0x0000000089600000|  0%| F|  |TAMS 0x0000000089500000, 0x0000000089500000| Untracked 
|  94|0x0000000089600000, 0x0000000089600000, 0x0000000089700000|  0%| F|  |TAMS 0x0000000089600000, 0x0000000089600000| Untracked 
|  95|0x0000000089700000, 0x0000000089700000, 0x0000000089800000|  0%| F|  |TAMS 0x0000000089700000, 0x0000000089700000| Untracked 
|  96|0x0000000089800000, 0x0000000089800000, 0x0000000089900000|  0%| F|  |TAMS 0x0000000089800000, 0x0000000089800000| Untracked 
|  97|0x0000000089900000, 0x0000000089900000, 0x0000000089a00000|  0%| F|  |TAMS 0x0000000089900000, 0x0000000089900000| Untracked 
|  98|0x0000000089a00000, 0x0000000089a00000, 0x0000000089b00000|  0%| F|  |TAMS 0x0000000089a00000, 0x0000000089a00000| Untracked 
|  99|0x0000000089b00000, 0x0000000089c00000, 0x0000000089c00000|100%| S|CS|TAMS 0x0000000089b00000, 0x0000000089b00000| Complete 
| 100|0x0000000089c00000, 0x0000000089d00000, 0x0000000089d00000|100%| S|CS|TAMS 0x0000000089c00000, 0x0000000089c00000| Complete 
| 101|0x0000000089d00000, 0x0000000089e00000, 0x0000000089e00000|100%| S|CS|TAMS 0x0000000089d00000, 0x0000000089d00000| Complete 
| 102|0x0000000089e00000, 0x0000000089e00000, 0x0000000089f00000|  0%| F|  |TAMS 0x0000000089e00000, 0x0000000089e00000| Untracked 
| 103|0x0000000089f00000, 0x0000000089f00000, 0x000000008a000000|  0%| F|  |TAMS 0x0000000089f00000, 0x0000000089f00000| Untracked 
| 104|0x000000008a000000, 0x000000008a000000, 0x000000008a100000|  0%| F|  |TAMS 0x000000008a000000, 0x000000008a000000| Untracked 
| 105|0x000000008a100000, 0x000000008a100000, 0x000000008a200000|  0%| F|  |TAMS 0x000000008a100000, 0x000000008a100000| Untracked 
| 106|0x000000008a200000, 0x000000008a200000, 0x000000008a300000|  0%| F|  |TAMS 0x000000008a200000, 0x000000008a200000| Untracked 
| 107|0x000000008a300000, 0x000000008a300000, 0x000000008a400000|  0%| F|  |TAMS 0x000000008a300000, 0x000000008a300000| Untracked 
| 108|0x000000008a400000, 0x000000008a500000, 0x000000008a500000|100%| E|  |TAMS 0x000000008a400000, 0x000000008a400000| Complete 
| 109|0x000000008a500000, 0x000000008a600000, 0x000000008a600000|100%| E|  |TAMS 0x000000008a500000, 0x000000008a500000| Complete 
| 110|0x000000008a600000, 0x000000008a700000, 0x000000008a700000|100%| E|CS|TAMS 0x000000008a600000, 0x000000008a600000| Complete 
| 111|0x000000008a700000, 0x000000008a800000, 0x000000008a800000|100%| E|CS|TAMS 0x000000008a700000, 0x000000008a700000| Complete 
| 112|0x000000008a800000, 0x000000008a900000, 0x000000008a900000|100%| E|CS|TAMS 0x000000008a800000, 0x000000008a800000| Complete 
| 113|0x000000008a900000, 0x000000008aa00000, 0x000000008aa00000|100%| E|CS|TAMS 0x000000008a900000, 0x000000008a900000| Complete 
| 114|0x000000008aa00000, 0x000000008ab00000, 0x000000008ab00000|100%| E|CS|TAMS 0x000000008aa00000, 0x000000008aa00000| Complete 
| 115|0x000000008ab00000, 0x000000008ac00000, 0x000000008ac00000|100%| E|CS|TAMS 0x000000008ab00000, 0x000000008ab00000| Complete 
| 116|0x000000008ac00000, 0x000000008ad00000, 0x000000008ad00000|100%| E|CS|TAMS 0x000000008ac00000, 0x000000008ac00000| Complete 
| 117|0x000000008ad00000, 0x000000008ae00000, 0x000000008ae00000|100%| E|CS|TAMS 0x000000008ad00000, 0x000000008ad00000| Complete 
| 118|0x000000008ae00000, 0x000000008af00000, 0x000000008af00000|100%| E|CS|TAMS 0x000000008ae00000, 0x000000008ae00000| Complete 
| 119|0x000000008af00000, 0x000000008b000000, 0x000000008b000000|100%| E|CS|TAMS 0x000000008af00000, 0x000000008af00000| Complete 
| 120|0x000000008b000000, 0x000000008b100000, 0x000000008b100000|100%| E|CS|TAMS 0x000000008b000000, 0x000000008b000000| Complete 
| 121|0x000000008b100000, 0x000000008b200000, 0x000000008b200000|100%| E|CS|TAMS 0x000000008b100000, 0x000000008b100000| Complete 
| 122|0x000000008b200000, 0x000000008b300000, 0x000000008b300000|100%| E|CS|TAMS 0x000000008b200000, 0x000000008b200000| Complete 
| 123|0x000000008b300000, 0x000000008b400000, 0x000000008b400000|100%| E|CS|TAMS 0x000000008b300000, 0x000000008b300000| Complete 
| 124|0x000000008b400000, 0x000000008b500000, 0x000000008b500000|100%| E|CS|TAMS 0x000000008b400000, 0x000000008b400000| Complete 
| 125|0x000000008b500000, 0x000000008b600000, 0x000000008b600000|100%| E|CS|TAMS 0x000000008b500000, 0x000000008b500000| Complete 

Card table byte_map: [0x0000024fecc40000,0x0000024fed030000] _byte_map_base: 0x0000024fec824000

Marking Bits (Prev, Next): (CMBitMap*) 0x0000024fd2f1e548, (CMBitMap*) 0x0000024fd2f1e580
 Prev Bits: [0x0000024fed420000, 0x0000024fef340000)
 Next Bits: [0x0000024fef340000, 0x0000024ff1260000)

Polling page: 0x0000024fd2fb0000

Metaspace:

Usage:
  Non-class:     14.43 MB capacity,    14.15 MB ( 98%) used,   234.37 KB (  2%) free+waste,    51.63 KB ( <1%) overhead. 
      Class:      2.12 MB capacity,     1.94 MB ( 91%) used,   160.38 KB (  7%) free+waste,    26.13 KB (  1%) overhead. 
       Both:     16.55 MB capacity,    16.09 MB ( 97%) used,   394.74 KB (  2%) free+waste,    77.75 KB ( <1%) overhead. 

Virtual space:
  Non-class space:       16.00 MB reserved,      14.50 MB ( 91%) committed 
      Class space:        1.00 GB reserved,       2.25 MB ( <1%) committed 
             Both:        1.02 GB reserved,      16.75 MB (  2%) committed 

Chunk freelists:
   Non-Class:  8.00 KB
       Class:  1.00 KB
        Both:  9.00 KB

MaxMetaspaceSize: 17179869184.00 GB
CompressedClassSpaceSize: 1.00 GB

CodeHeap 'non-profiled nmethods': size=120000Kb used=501Kb max_used=501Kb free=119498Kb
 bounds [0x0000024fe48c0000, 0x0000024fe4b30000, 0x0000024febdf0000]
CodeHeap 'profiled nmethods': size=120000Kb used=2489Kb max_used=2489Kb free=117511Kb
 bounds [0x0000024fdd390000, 0x0000024fdd600000, 0x0000024fe48c0000]
CodeHeap 'non-nmethods': size=5760Kb used=1210Kb max_used=1219Kb free=4549Kb
 bounds [0x0000024fdcdf0000, 0x0000024fdd060000, 0x0000024fdd390000]
 total_blobs=1961 nmethods=1399 adapters=472
 compilation: enabled
              stopped_count=0, restarted_count=0
 full_count=0

Compilation events (20 events):
Event: 0.892 Thread 0x0000024ff46d0000 nmethod 1337 0x0000024fdd5d5710 code [0x0000024fdd5d58e0, 0x0000024fdd5d5cb8]
Event: 0.892 Thread 0x0000024ff46d0000 1339       1       com.sun.org.apache.xerces.internal.util.XMLAttributesImpl::getLength (5 bytes)
Event: 0.892 Thread 0x0000024ff46d0000 nmethod 1339 0x0000024fe4938010 code [0x0000024fe49381c0, 0x0000024fe4938278]
Event: 0.893 Thread 0x0000024ff46ce800 nmethod 1328 0x0000024fe4938310 code [0x0000024fe49384a0, 0x0000024fe49388d8]
Event: 0.893 Thread 0x0000024ff46ce800 1338       4       java.util.HashSet::add (20 bytes)
Event: 0.900 Thread 0x0000024ff46d0000 1340       3       java.lang.invoke.Invokers$Holder::linkToTargetMethod (9 bytes)
Event: 0.900 Thread 0x0000024ff46d0000 nmethod 1340 0x0000024fdd5d5e10 code [0x0000024fdd5d5fe0, 0x0000024fdd5d6398]
Event: 0.906 Thread 0x0000024ff46d0000 1342       3       java.lang.StringLatin1::regionMatchesCI (92 bytes)
Event: 0.906 Thread 0x0000024ff46d0000 nmethod 1342 0x0000024fdd5d6490 code [0x0000024fdd5d6720, 0x0000024fdd5d7218]
Event: 0.909 Thread 0x0000024ff46d0000 1343       3       jdk.internal.org.objectweb.asm.FieldWriter::getSize (262 bytes)
Event: 0.910 Thread 0x0000024ff46d0000 nmethod 1343 0x0000024fdd5d7710 code [0x0000024fdd5d79e0, 0x0000024fdd5d8608]
Event: 0.911 Thread 0x0000024ff46d0000 1344       3       java.lang.invoke.DirectMethodHandle$Holder::invokeStatic (15 bytes)
Event: 0.911 Thread 0x0000024ff46d0000 nmethod 1344 0x0000024fdd5d8b90 code [0x0000024fdd5d8d60, 0x0000024fdd5d9198]
Event: 0.911 Thread 0x0000024ff46d0000 1345       3       java.lang.invoke.StringConcatFactory$MethodHandleInlineCopyStrategy::newArray (16 bytes)
Event: 0.911 Thread 0x0000024ff46d0000 nmethod 1345 0x0000024fdd5d9290 code [0x0000024fdd5d9460, 0x0000024fdd5d9668]
Event: 0.912 Thread 0x0000024ff46d0000 1347       3       java.util.AbstractCollection::addAll (42 bytes)
Event: 0.912 Thread 0x0000024ff46d0000 nmethod 1347 0x0000024fdd5d9710 code [0x0000024fdd5d9900, 0x0000024fdd5d9df8]
Event: 0.912 Thread 0x0000024ff46d0000 1348       3       com.sun.org.apache.xerces.internal.impl.XMLEntityScanner::skipSpaces (350 bytes)
Event: 0.913 Thread 0x0000024ff46d0000 nmethod 1348 0x0000024fdd5d9f90 code [0x0000024fdd5da220, 0x0000024fdd5dad88]
Event: 0.913 Thread 0x0000024ff46d0000 1349       3       com.sun.org.apache.xerces.internal.utils.XMLSecurityManager::isOverLimit (111 bytes)

GC Heap History (2 events):
Event: 0.677 GC heap before
{Heap before GC invocations=0 (full 0):
 garbage-first heap   total 129024K, used 23552K [0x0000000083800000, 0x0000000100000000)
  region size 1024K, 24 young (24576K), 0 survivors (0K)
 Metaspace       used 12277K, capacity 12598K, committed 12800K, reserved 1060864K
  class space    used 1329K, capacity 1488K, committed 1536K, reserved 1048576K
}
Event: 0.681 GC heap after
{Heap after GC invocations=1 (full 0):
 garbage-first heap   total 129024K, used 4055K [0x0000000083800000, 0x0000000100000000)
  region size 1024K, 3 young (3072K), 3 survivors (3072K)
 Metaspace       used 12277K, capacity 12598K, committed 12800K, reserved 1060864K
  class space    used 1329K, capacity 1488K, committed 1536K, reserved 1048576K
}

Deoptimization events (20 events):
Event: 0.886 Thread 0x0000024ff6cba800 DEOPT PACKING pc=0x0000024fdd5c95c0 sp=0x00000064be8fb640
Event: 0.886 Thread 0x0000024ff6cba800 DEOPT UNPACKING pc=0x0000024fdce16dde sp=0x00000064be8faad0 mode 0
Event: 0.886 Thread 0x0000024ff6cba800 DEOPT PACKING pc=0x0000024fdd5c95c0 sp=0x00000064be8fb640
Event: 0.886 Thread 0x0000024ff6cba800 DEOPT UNPACKING pc=0x0000024fdce16dde sp=0x00000064be8faad0 mode 0
Event: 0.886 Thread 0x0000024ff6cba800 DEOPT PACKING pc=0x0000024fdd5c95c0 sp=0x00000064be8fb640
Event: 0.886 Thread 0x0000024ff6cba800 DEOPT UNPACKING pc=0x0000024fdce16dde sp=0x00000064be8faad0 mode 0
Event: 0.886 Thread 0x0000024ff6cba800 DEOPT PACKING pc=0x0000024fdd5c95c0 sp=0x00000064be8fb640
Event: 0.886 Thread 0x0000024ff6cba800 DEOPT UNPACKING pc=0x0000024fdce16dde sp=0x00000064be8faad0 mode 0
Event: 0.886 Thread 0x0000024ff6cba800 DEOPT PACKING pc=0x0000024fdd5c95c0 sp=0x00000064be8fb640
Event: 0.886 Thread 0x0000024ff6cba800 DEOPT UNPACKING pc=0x0000024fdce16dde sp=0x00000064be8faad0 mode 0
Event: 0.886 Thread 0x0000024ff6cba800 DEOPT PACKING pc=0x0000024fdd5c95c0 sp=0x00000064be8fb640
Event: 0.886 Thread 0x0000024ff6cba800 DEOPT UNPACKING pc=0x0000024fdce16dde sp=0x00000064be8faad0 mode 0
Event: 0.886 Thread 0x0000024ff6cba800 DEOPT PACKING pc=0x0000024fdd5c95c0 sp=0x00000064be8fb640
Event: 0.886 Thread 0x0000024ff6cba800 DEOPT UNPACKING pc=0x0000024fdce16dde sp=0x00000064be8faad0 mode 0
Event: 0.886 Thread 0x0000024ff6cba800 DEOPT PACKING pc=0x0000024fdd5c95c0 sp=0x00000064be8fb640
Event: 0.886 Thread 0x0000024ff6cba800 DEOPT UNPACKING pc=0x0000024fdce16dde sp=0x00000064be8faad0 mode 0
Event: 0.886 Thread 0x0000024ff6cba800 DEOPT PACKING pc=0x0000024fdd5c95c0 sp=0x00000064be8fb640
Event: 0.886 Thread 0x0000024ff6cba800 DEOPT UNPACKING pc=0x0000024fdce16dde sp=0x00000064be8faad0 mode 0
Event: 0.888 Thread 0x0000024ff6cba800 DEOPT PACKING pc=0x0000024fdd5c95c0 sp=0x00000064be8fb640
Event: 0.888 Thread 0x0000024ff6cba800 DEOPT UNPACKING pc=0x0000024fdce16dde sp=0x00000064be8faad0 mode 0

Classes redefined (0 events):
No events

Internal exceptions (20 events):
Event: 0.537 Thread 0x0000024ff6cba800 Exception <a 'java/lang/NoSuchMethodError'{0x000000008a491410}: 'void java.lang.invoke.DirectMethodHandle$Holder.invokeStaticInit(java.lang.Object)'> (0x000000008a491410) thrown at [./src/hotspot/share/interpreter/linkResolver.cpp, line 773]
Event: 0.540 Thread 0x0000024fd2ede800 Exception <a 'java/lang/NoSuchMethodError'{0x000000008a609340}: 'java.lang.Object java.lang.invoke.Invokers$Holder.linkToTargetMethod(java.lang.Object, java.lang.Object, java.lang.Object, java.lang.Object, java.lang.Object, java.lang.Object)'> (0x000000008a609340) thrown at [./src/hotspot/share/interpreter/linkResolver.cpp, line 773]
Event: 0.547 Thread 0x0000024ff4a88800 Exception <a 'java/lang/NoSuchMethodError'{0x000000008a4f0cc8}: 'void java.lang.invoke.DirectMethodHandle$Holder.invokeStatic(java.lang.Object, java.lang.Object, java.lang.Object, java.lang.Object)'> (0x000000008a4f0cc8) thrown at [./src/hotspot/share/interpreter/linkResolver.cpp, line 773]
Event: 0.606 Thread 0x0000024ff6cba800 Exception <a 'java/lang/NoSuchMethodError'{0x000000008a09b168}: 'java.lang.Object java.lang.invoke.DirectMethodHandle$Holder.invokeStatic(java.lang.Object, java.lang.Object, java.lang.Object, java.lang.Object, java.lang.Object, java.lang.Object, java.lang.Object, java.lang.Object, java.lang.Object, java.lang.Object, java.lang.Object, java.lang.Object, java.lang.Object, java.lang.Object, java.lang.Object)'> (0x000000008a09b168) thrown at [./src/hotspot/share/interpreter/linkResolver.cpp, line 773]
Event: 0.606 Thread 0x0000024ff6cba800 Exception <a 'java/lang/NoSuchMethodError'{0x000000008a0a8d18}: 'java.lang.Object java.lang.invoke.DirectMethodHandle$Holder.invokeStatic(java.lang.Object, java.lang.Object, java.lang.Object, java.lang.Object, java.lang.Object, java.lang.Object, java.lang.Object, java.lang.Object, java.lang.Object, java.lang.Object, java.lang.Object, java.lang.Object, java.lang.Object, java.lang.Object, java.lang.Object, java.lang.Object)'> (0x000000008a0a8d18) thrown at [./src/hotspot/share/interpreter/linkResolver.cpp, l
Event: 0.607 Thread 0x0000024ff6cba800 Exception <a 'java/lang/NoSuchMethodError'{0x000000008a0b6d80}: 'java.lang.Object java.lang.invoke.DirectMethodHandle$Holder.invokeSpecial(java.lang.Object, java.lang.Object, int, int, java.lang.Object, java.lang.Object, java.lang.Object)'> (0x000000008a0b6d80) thrown at [./src/hotspot/share/interpreter/linkResolver.cpp, line 773]
Event: 0.607 Thread 0x0000024ff6cba800 Exception <a 'java/lang/NoSuchMethodError'{0x000000008a0ba310}: 'java.lang.Object java.lang.invoke.DelegatingMethodHandle$Holder.reinvoke_L(java.lang.Object, int, int, java.lang.Object, java.lang.Object, java.lang.Object)'> (0x000000008a0ba310) thrown at [./src/hotspot/share/interpreter/linkResolver.cpp, line 773]
Event: 0.608 Thread 0x0000024ff6cba800 Exception <a 'java/lang/NoSuchMethodError'{0x000000008a0be210}: 'java.lang.Object java.lang.invoke.DirectMethodHandle$Holder.invokeStatic(java.lang.Object, java.lang.Object, java.lang.Object, java.lang.Object, int)'> (0x000000008a0be210) thrown at [./src/hotspot/share/interpreter/linkResolver.cpp, line 773]
Event: 0.702 Thread 0x0000024ff6cba800 Exception <a 'java/lang/NoSuchMethodError'{0x000000008b44fec0}: 'java.lang.Object java.lang.invoke.DirectMethodHandle$Holder.invokeStaticInit(java.lang.Object, java.lang.Object, java.lang.Object, java.lang.Object)'> (0x000000008b44fec0) thrown at [./src/hotspot/share/interpreter/linkResolver.cpp, line 773]
Event: 0.703 Thread 0x0000024ff6cba800 Exception <a 'java/lang/NullPointerException'{0x000000008b45d9a0}> (0x000000008b45d9a0) thrown at [./src/hotspot/share/interpreter/linkResolver.cpp, line 1358]
Event: 0.703 Thread 0x0000024ff6cba800 Exception <a 'java/lang/NullPointerException'{0x000000008b45d9a0}> (0x000000008b45d9a0) thrown at [./src/hotspot/share/prims/jvm.cpp, line 1310]
Event: 0.742 Thread 0x0000024ff6cba800 Exception <a 'java/lang/ClassNotFoundException'{0x000000008b15f7f0}: com/sun/glass/ui/win/themes> (0x000000008b15f7f0) thrown at [./src/hotspot/share/prims/jni.cpp, line 636]
Event: 0.744 Thread 0x0000024ff6cba800 Exception <a 'java/lang/ClassNotFoundException'{0x000000008b16b608}: com/sun/glass/ui/win/themes_en> (0x000000008b16b608) thrown at [./src/hotspot/share/prims/jni.cpp, line 636]
Event: 0.744 Thread 0x0000024ff6cba800 Exception <a 'java/lang/ClassNotFoundException'{0x000000008b173690}: com/sun/glass/ui/win/themes_en_US> (0x000000008b173690) thrown at [./src/hotspot/share/prims/jni.cpp, line 636]
Event: 0.750 Thread 0x0000024ff6cba800 Exception <a 'java/lang/NoSuchMethodError'{0x000000008b1d7818}: 'java.lang.Object java.lang.invoke.DirectMethodHandle$Holder.invokeStatic(java.lang.Object, java.lang.Object, java.lang.Object, java.lang.Object, java.lang.Object, java.lang.Object, java.lang.Object, java.lang.Object, java.lang.Object, java.lang.Object, java.lang.Object, int)'> (0x000000008b1d7818) thrown at [./src/hotspot/share/interpreter/linkResolver.cpp, line 773]
Event: 0.751 Thread 0x0000024ff6cba800 Exception <a 'java/lang/NoSuchMethodError'{0x000000008b1f59c0}: 'java.lang.Object java.lang.invoke.DirectMethodHandle$Holder.invokeStatic(java.lang.Object, java.lang.Object, java.lang.Object, java.lang.Object, java.lang.Object, java.lang.Object, java.lang.Object, java.lang.Object, java.lang.Object, java.lang.Object, java.lang.Object, int, int)'> (0x000000008b1f59c0) thrown at [./src/hotspot/share/interpreter/linkResolver.cpp, line 773]
Event: 0.752 Thread 0x0000024ff6cba800 Exception <a 'java/lang/NoSuchMethodError'{0x000000008b014f70}: 'java.lang.Object java.lang.invoke.DirectMethodHandle$Holder.invokeStatic(java.lang.Object, java.lang.Object, java.lang.Object, java.lang.Object, java.lang.Object, java.lang.Object, java.lang.Object, java.lang.Object, java.lang.Object, java.lang.Object, java.lang.Object, int, int, java.lang.Object)'> (0x000000008b014f70) thrown at [./src/hotspot/share/interpreter/linkResolver.cpp, line 773]
Event: 0.753 Thread 0x0000024ff6cba800 Exception <a 'java/lang/NoSuchMethodError'{0x000000008b0356d0}: 'java.lang.Object java.lang.invoke.DirectMethodHandle$Holder.invokeStatic(java.lang.Object, java.lang.Object, java.lang.Object, java.lang.Object, java.lang.Object, java.lang.Object, java.lang.Object, java.lang.Object, java.lang.Object, java.lang.Object, java.lang.Object, int, int, java.lang.Object, java.lang.Object)'> (0x000000008b0356d0) thrown at [./src/hotspot/share/interpreter/linkResolver.cpp, line 773]
Event: 0.810 Thread 0x0000024ff6cba800 Exception <a 'java/lang/NoSuchMethodError'{0x000000008ab2a5f8}: 'void java.lang.invoke.DirectMethodHandle$Holder.invokeStaticInit(java.lang.Object, java.lang.Object)'> (0x000000008ab2a5f8) thrown at [./src/hotspot/share/interpreter/linkResolver.cpp, line 773]
Event: 0.904 Thread 0x0000024ff6cba800 Exception <a 'java/lang/NoSuchMethodError'{0x000000008a7f6ee0}: 'void java.lang.invoke.DirectMethodHandle$Holder.invokeSpecial(java.lang.Object, java.lang.Object, java.lang.Object, java.lang.Object, java.lang.Object)'> (0x000000008a7f6ee0) thrown at [./src/hotspot/share/interpreter/linkResolver.cpp, line 773]

Events (20 events):
Event: 0.909 loading class javafx/collections/ListChangeListener$Change
Event: 0.909 loading class javafx/collections/ListChangeListener$Change done
Event: 0.909 loading class javafx/collections/ListChangeListener$Change
Event: 0.909 loading class javafx/collections/ListChangeListener$Change done
Event: 0.909 loading class javafx/scene/control/ListCell
Event: 0.909 loading class javafx/scene/control/ListCell done
Event: 0.909 loading class javafx/collections/ListChangeListener$Change
Event: 0.909 loading class javafx/collections/ListChangeListener$Change done
Event: 0.909 loading class javafx/scene/control/ListCell
Event: 0.909 loading class javafx/scene/control/ListCell done
Event: 0.909 loading class javafx/beans/Observable
Event: 0.909 loading class javafx/beans/Observable done
Event: 0.909 loading class javafx/scene/control/ListCell
Event: 0.909 loading class javafx/scene/control/ListCell done
Event: 0.910 loading class javafx/beans/Observable
Event: 0.910 loading class javafx/beans/Observable done
Event: 0.910 loading class javafx/beans/Observable
Event: 0.910 loading class javafx/beans/Observable done
Event: 0.910 loading class com/jfoenix/controls/JFXComboBox$2
Event: 0.910 loading class com/jfoenix/controls/JFXComboBox$2 done


Dynamic libraries:
0x00007ff6af500000 - 0x00007ff6af50d000 	C:\Program Files\AdoptOpenJDK\jdk-11.0.11.9-hotspot\bin\java.exe
0x00007ffd8cd60000 - 0x00007ffd8cf67000 	C:\WINDOWS\SYSTEM32\ntdll.dll
0x00007ffd8bc20000 - 0x00007ffd8bcdd000 	C:\WINDOWS\System32\KERNEL32.DLL
0x00007ffd8a240000 - 0x00007ffd8a5b4000 	C:\WINDOWS\System32\KERNELBASE.dll
0x00007ffd87060000 - 0x00007ffd870f1000 	C:\WINDOWS\SYSTEM32\apphelp.dll
0x00007ffd8a960000 - 0x00007ffd8aa71000 	C:\WINDOWS\System32\ucrtbase.dll
0x00007ffd75330000 - 0x00007ffd75347000 	C:\Program Files\AdoptOpenJDK\jdk-11.0.11.9-hotspot\bin\jli.dll
0x00007ffd74720000 - 0x00007ffd74735000 	C:\Program Files\AdoptOpenJDK\jdk-11.0.11.9-hotspot\bin\VCRUNTIME140.dll
0x00007ffd8bde0000 - 0x00007ffd8bf8c000 	C:\WINDOWS\System32\USER32.dll
0x00007ffd6cab0000 - 0x00007ffd6cd55000 	C:\WINDOWS\WinSxS\amd64_microsoft.windows.common-controls_6595b64144ccf1df_6.0.22000.120_none_9d947278b86cc467\COMCTL32.dll
0x00007ffd8a750000 - 0x00007ffd8a776000 	C:\WINDOWS\System32\win32u.dll
0x00007ffd8adb0000 - 0x00007ffd8ae53000 	C:\WINDOWS\System32\msvcrt.dll
0x00007ffd8bb60000 - 0x00007ffd8bb89000 	C:\WINDOWS\System32\GDI32.dll
0x00007ffd8a780000 - 0x00007ffd8a892000 	C:\WINDOWS\System32\gdi32full.dll
0x00007ffd8a640000 - 0x00007ffd8a6dd000 	C:\WINDOWS\System32\msvcp_win.dll
0x00007ffd8c100000 - 0x00007ffd8c131000 	C:\WINDOWS\System32\IMM32.DLL
0x00007ffd6ef10000 - 0x00007ffd6efab000 	C:\Program Files\AdoptOpenJDK\jdk-11.0.11.9-hotspot\bin\msvcp140.dll
0x00007ffced4b0000 - 0x00007ffcedffb000 	C:\Program Files\AdoptOpenJDK\jdk-11.0.11.9-hotspot\bin\server\jvm.dll
0x00007ffd8c900000 - 0x00007ffd8c9ac000 	C:\WINDOWS\System32\ADVAPI32.dll
0x00007ffd8b020000 - 0x00007ffd8b0bd000 	C:\WINDOWS\System32\sechost.dll
0x00007ffd8cb40000 - 0x00007ffd8cc61000 	C:\WINDOWS\System32\RPCRT4.dll
0x00007ffd8bce0000 - 0x00007ffd8bce8000 	C:\WINDOWS\System32\PSAPI.DLL
0x00007ffd87210000 - 0x00007ffd87243000 	C:\WINDOWS\SYSTEM32\WINMM.dll
0x00007ffd84a30000 - 0x00007ffd84a39000 	C:\WINDOWS\SYSTEM32\WSOCK32.dll
0x00007ffd800c0000 - 0x00007ffd800ca000 	C:\WINDOWS\SYSTEM32\VERSION.dll
0x00007ffd8b710000 - 0x00007ffd8b77f000 	C:\WINDOWS\System32\WS2_32.dll
0x00007ffd893b0000 - 0x00007ffd893c8000 	C:\WINDOWS\SYSTEM32\kernel.appcore.dll
0x00007ffd7f5c0000 - 0x00007ffd7f5d0000 	C:\Program Files\AdoptOpenJDK\jdk-11.0.11.9-hotspot\bin\verify.dll
0x00007ffd87ce0000 - 0x00007ffd87f01000 	C:\WINDOWS\SYSTEM32\DBGHELP.DLL
0x00007ffd87190000 - 0x00007ffd871c1000 	C:\WINDOWS\SYSTEM32\dbgcore.DLL
0x00007ffd8a5c0000 - 0x00007ffd8a640000 	C:\WINDOWS\System32\bcryptPrimitives.dll
0x00007ffd74610000 - 0x00007ffd74638000 	C:\Program Files\AdoptOpenJDK\jdk-11.0.11.9-hotspot\bin\java.dll
0x00007ffd76f60000 - 0x00007ffd76f6a000 	C:\Program Files\AdoptOpenJDK\jdk-11.0.11.9-hotspot\bin\jimage.dll
0x00007ffd736c0000 - 0x00007ffd736d7000 	C:\Program Files\AdoptOpenJDK\jdk-11.0.11.9-hotspot\bin\zip.dll
0x00007ffd8c150000 - 0x00007ffd8c8f9000 	C:\WINDOWS\System32\SHELL32.dll
0x00007ffd883b0000 - 0x00007ffd88c12000 	C:\WINDOWS\SYSTEM32\windows.storage.dll
0x00007ffd8b7e0000 - 0x00007ffd8bb58000 	C:\WINDOWS\System32\combase.dll
0x00007ffd88240000 - 0x00007ffd883a6000 	C:\WINDOWS\SYSTEM32\wintypes.dll
0x00007ffd8af30000 - 0x00007ffd8b01a000 	C:\WINDOWS\System32\SHCORE.dll
0x00007ffd8aed0000 - 0x00007ffd8af2d000 	C:\WINDOWS\System32\shlwapi.dll
0x00007ffd8a170000 - 0x00007ffd8a191000 	C:\WINDOWS\SYSTEM32\profapi.dll
0x00007ffd728e0000 - 0x00007ffd728f9000 	C:\Program Files\AdoptOpenJDK\jdk-11.0.11.9-hotspot\bin\net.dll
0x00007ffd84540000 - 0x00007ffd8464c000 	C:\WINDOWS\SYSTEM32\WINHTTP.dll
0x00007ffd89870000 - 0x00007ffd898d7000 	C:\WINDOWS\system32\mswsock.dll
0x00007ffd725e0000 - 0x00007ffd725f2000 	C:\Program Files\AdoptOpenJDK\jdk-11.0.11.9-hotspot\bin\nio.dll
0x0000024ff65d0000 - 0x0000024ff65d3000 	C:\Users\hoang\Downloads\openjfx-17.0.0.1_windows-x64_bin-sdk\javafx-sdk-17.0.0.1\bin\api-ms-win-core-console-l1-1-0.dll
0x0000024ff65e0000 - 0x0000024ff65e3000 	C:\Users\hoang\Downloads\openjfx-17.0.0.1_windows-x64_bin-sdk\javafx-sdk-17.0.0.1\bin\api-ms-win-core-console-l1-2-0.dll
0x0000024ff65f0000 - 0x0000024ff65f3000 	C:\Users\hoang\Downloads\openjfx-17.0.0.1_windows-x64_bin-sdk\javafx-sdk-17.0.0.1\bin\api-ms-win-core-datetime-l1-1-0.dll
0x0000024ff6250000 - 0x0000024ff6253000 	C:\Users\hoang\Downloads\openjfx-17.0.0.1_windows-x64_bin-sdk\javafx-sdk-17.0.0.1\bin\api-ms-win-core-debug-l1-1-0.dll
0x0000024ff6260000 - 0x0000024ff6263000 	C:\Users\hoang\Downloads\openjfx-17.0.0.1_windows-x64_bin-sdk\javafx-sdk-17.0.0.1\bin\api-ms-win-core-errorhandling-l1-1-0.dll
0x0000024ff6270000 - 0x0000024ff6274000 	C:\Users\hoang\Downloads\openjfx-17.0.0.1_windows-x64_bin-sdk\javafx-sdk-17.0.0.1\bin\api-ms-win-core-file-l1-1-0.dll
0x0000024ff6280000 - 0x0000024ff6283000 	C:\Users\hoang\Downloads\openjfx-17.0.0.1_windows-x64_bin-sdk\javafx-sdk-17.0.0.1\bin\api-ms-win-core-file-l1-2-0.dll
0x0000024ff6290000 - 0x0000024ff6293000 	C:\Users\hoang\Downloads\openjfx-17.0.0.1_windows-x64_bin-sdk\javafx-sdk-17.0.0.1\bin\api-ms-win-core-file-l2-1-0.dll
0x0000024ff62a0000 - 0x0000024ff62a3000 	C:\Users\hoang\Downloads\openjfx-17.0.0.1_windows-x64_bin-sdk\javafx-sdk-17.0.0.1\bin\api-ms-win-core-handle-l1-1-0.dll
0x0000024ff62b0000 - 0x0000024ff62b3000 	C:\Users\hoang\Downloads\openjfx-17.0.0.1_windows-x64_bin-sdk\javafx-sdk-17.0.0.1\bin\api-ms-win-core-heap-l1-1-0.dll
0x0000024ff62c0000 - 0x0000024ff62c3000 	C:\Users\hoang\Downloads\openjfx-17.0.0.1_windows-x64_bin-sdk\javafx-sdk-17.0.0.1\bin\api-ms-win-core-interlocked-l1-1-0.dll
0x0000024ff62d0000 - 0x0000024ff62d3000 	C:\Users\hoang\Downloads\openjfx-17.0.0.1_windows-x64_bin-sdk\javafx-sdk-17.0.0.1\bin\api-ms-win-core-libraryloader-l1-1-0.dll
0x0000024ff62e0000 - 0x0000024ff62e3000 	C:\Users\hoang\Downloads\openjfx-17.0.0.1_windows-x64_bin-sdk\javafx-sdk-17.0.0.1\bin\api-ms-win-core-localization-l1-2-0.dll
0x0000024ff62f0000 - 0x0000024ff62f3000 	C:\Users\hoang\Downloads\openjfx-17.0.0.1_windows-x64_bin-sdk\javafx-sdk-17.0.0.1\bin\api-ms-win-core-memory-l1-1-0.dll
0x0000024ff6300000 - 0x0000024ff6303000 	C:\Users\hoang\Downloads\openjfx-17.0.0.1_windows-x64_bin-sdk\javafx-sdk-17.0.0.1\bin\api-ms-win-core-namedpipe-l1-1-0.dll
0x0000024ff6310000 - 0x0000024ff6313000 	C:\Users\hoang\Downloads\openjfx-17.0.0.1_windows-x64_bin-sdk\javafx-sdk-17.0.0.1\bin\api-ms-win-core-processenvironment-l1-1-0.dll
0x0000024ff6320000 - 0x0000024ff6323000 	C:\Users\hoang\Downloads\openjfx-17.0.0.1_windows-x64_bin-sdk\javafx-sdk-17.0.0.1\bin\api-ms-win-core-processthreads-l1-1-0.dll
0x0000024ff6330000 - 0x0000024ff6333000 	C:\Users\hoang\Downloads\openjfx-17.0.0.1_windows-x64_bin-sdk\javafx-sdk-17.0.0.1\bin\api-ms-win-core-processthreads-l1-1-1.dll
0x0000024ff6340000 - 0x0000024ff6343000 	C:\Users\hoang\Downloads\openjfx-17.0.0.1_windows-x64_bin-sdk\javafx-sdk-17.0.0.1\bin\api-ms-win-core-profile-l1-1-0.dll
0x0000024ff6350000 - 0x0000024ff6353000 	C:\Users\hoang\Downloads\openjfx-17.0.0.1_windows-x64_bin-sdk\javafx-sdk-17.0.0.1\bin\api-ms-win-core-rtlsupport-l1-1-0.dll
0x0000024ff6360000 - 0x0000024ff6363000 	C:\Users\hoang\Downloads\openjfx-17.0.0.1_windows-x64_bin-sdk\javafx-sdk-17.0.0.1\bin\api-ms-win-core-string-l1-1-0.dll
0x0000024ff6370000 - 0x0000024ff6373000 	C:\Users\hoang\Downloads\openjfx-17.0.0.1_windows-x64_bin-sdk\javafx-sdk-17.0.0.1\bin\api-ms-win-core-synch-l1-1-0.dll
0x0000024ff6380000 - 0x0000024ff6383000 	C:\Users\hoang\Downloads\openjfx-17.0.0.1_windows-x64_bin-sdk\javafx-sdk-17.0.0.1\bin\api-ms-win-core-synch-l1-2-0.dll
0x0000024ff6390000 - 0x0000024ff6393000 	C:\Users\hoang\Downloads\openjfx-17.0.0.1_windows-x64_bin-sdk\javafx-sdk-17.0.0.1\bin\api-ms-win-core-sysinfo-l1-1-0.dll
0x0000024ff63a0000 - 0x0000024ff63a3000 	C:\Users\hoang\Downloads\openjfx-17.0.0.1_windows-x64_bin-sdk\javafx-sdk-17.0.0.1\bin\api-ms-win-core-timezone-l1-1-0.dll
0x0000024ff63b0000 - 0x0000024ff63b3000 	C:\Users\hoang\Downloads\openjfx-17.0.0.1_windows-x64_bin-sdk\javafx-sdk-17.0.0.1\bin\api-ms-win-core-util-l1-1-0.dll
0x0000024ff63c0000 - 0x0000024ff63c3000 	C:\Users\hoang\Downloads\openjfx-17.0.0.1_windows-x64_bin-sdk\javafx-sdk-17.0.0.1\bin\api-ms-win-crt-conio-l1-1-0.dll
0x0000024ff63d0000 - 0x0000024ff63d4000 	C:\Users\hoang\Downloads\openjfx-17.0.0.1_windows-x64_bin-sdk\javafx-sdk-17.0.0.1\bin\api-ms-win-crt-convert-l1-1-0.dll
0x0000024ff63e0000 - 0x0000024ff63e3000 	C:\Users\hoang\Downloads\openjfx-17.0.0.1_windows-x64_bin-sdk\javafx-sdk-17.0.0.1\bin\api-ms-win-crt-environment-l1-1-0.dll
0x0000024ff63f0000 - 0x0000024ff63f3000 	C:\Users\hoang\Downloads\openjfx-17.0.0.1_windows-x64_bin-sdk\javafx-sdk-17.0.0.1\bin\api-ms-win-crt-filesystem-l1-1-0.dll
0x0000024ff6400000 - 0x0000024ff6403000 	C:\Users\hoang\Downloads\openjfx-17.0.0.1_windows-x64_bin-sdk\javafx-sdk-17.0.0.1\bin\api-ms-win-crt-heap-l1-1-0.dll
0x0000024ff6410000 - 0x0000024ff6413000 	C:\Users\hoang\Downloads\openjfx-17.0.0.1_windows-x64_bin-sdk\javafx-sdk-17.0.0.1\bin\api-ms-win-crt-locale-l1-1-0.dll
0x0000024ff6420000 - 0x0000024ff6425000 	C:\Users\hoang\Downloads\openjfx-17.0.0.1_windows-x64_bin-sdk\javafx-sdk-17.0.0.1\bin\api-ms-win-crt-math-l1-1-0.dll
0x0000024ff6430000 - 0x0000024ff6435000 	C:\Users\hoang\Downloads\openjfx-17.0.0.1_windows-x64_bin-sdk\javafx-sdk-17.0.0.1\bin\api-ms-win-crt-multibyte-l1-1-0.dll
0x0000024ff6440000 - 0x0000024ff6450000 	C:\Users\hoang\Downloads\openjfx-17.0.0.1_windows-x64_bin-sdk\javafx-sdk-17.0.0.1\bin\api-ms-win-crt-private-l1-1-0.dll
0x0000024ff6590000 - 0x0000024ff6593000 	C:\Users\hoang\Downloads\openjfx-17.0.0.1_windows-x64_bin-sdk\javafx-sdk-17.0.0.1\bin\api-ms-win-crt-process-l1-1-0.dll
0x0000024ff65a0000 - 0x0000024ff65a4000 	C:\Users\hoang\Downloads\openjfx-17.0.0.1_windows-x64_bin-sdk\javafx-sdk-17.0.0.1\bin\api-ms-win-crt-runtime-l1-1-0.dll
0x0000024ff65b0000 - 0x0000024ff65b4000 	C:\Users\hoang\Downloads\openjfx-17.0.0.1_windows-x64_bin-sdk\javafx-sdk-17.0.0.1\bin\api-ms-win-crt-stdio-l1-1-0.dll
0x0000024ff65c0000 - 0x0000024ff65c4000 	C:\Users\hoang\Downloads\openjfx-17.0.0.1_windows-x64_bin-sdk\javafx-sdk-17.0.0.1\bin\api-ms-win-crt-string-l1-1-0.dll
0x0000024ff6730000 - 0x0000024ff6733000 	C:\Users\hoang\Downloads\openjfx-17.0.0.1_windows-x64_bin-sdk\javafx-sdk-17.0.0.1\bin\api-ms-win-crt-time-l1-1-0.dll
0x0000024ff6740000 - 0x0000024ff6743000 	C:\Users\hoang\Downloads\openjfx-17.0.0.1_windows-x64_bin-sdk\javafx-sdk-17.0.0.1\bin\api-ms-win-crt-utility-l1-1-0.dll
0x00007ffd4c2b0000 - 0x00007ffd4c3ac000 	C:\Users\hoang\Downloads\openjfx-17.0.0.1_windows-x64_bin-sdk\javafx-sdk-17.0.0.1\bin\ucrtbase.dll
0x00007ffd851b0000 - 0x00007ffd851ca000 	C:\Users\hoang\Downloads\openjfx-17.0.0.1_windows-x64_bin-sdk\javafx-sdk-17.0.0.1\bin\vcruntime140.dll
0x00007ffd851a0000 - 0x00007ffd851ac000 	C:\Users\hoang\Downloads\openjfx-17.0.0.1_windows-x64_bin-sdk\javafx-sdk-17.0.0.1\bin\vcruntime140_1.dll
0x00007ffd72080000 - 0x00007ffd7210d000 	C:\Users\hoang\Downloads\openjfx-17.0.0.1_windows-x64_bin-sdk\javafx-sdk-17.0.0.1\bin\msvcp140.dll
0x00007ffd84990000 - 0x00007ffd849ba000 	C:\Users\hoang\Downloads\openjfx-17.0.0.1_windows-x64_bin-sdk\javafx-sdk-17.0.0.1\bin\prism_d3d.dll
0x00007ffd71d70000 - 0x00007ffd71f16000 	C:\WINDOWS\system32\d3d9.dll
0x00007ffd87860000 - 0x00007ffd8788f000 	C:\WINDOWS\SYSTEM32\dwmapi.dll
0x00007ffd875c0000 - 0x00007ffd875f8000 	C:\WINDOWS\SYSTEM32\dxcore.dll
0x00007ffd874b0000 - 0x00007ffd8755c000 	C:\WINDOWS\system32\uxtheme.dll
0x00007ffd33b10000 - 0x00007ffd33c76000 	C:\WINDOWS\System32\DriverStore\FileRepository\27_dell_coffeelake_hws_iigd_dch.inf_amd64_eaac47a9d72f8485\igdumdim64.dll
0x00007ffd8abf0000 - 0x00007ffd8ad8a000 	C:\WINDOWS\System32\ole32.dll
0x00007ffd0d250000 - 0x00007ffd10eb2000 	C:\WINDOWS\System32\DriverStore\FileRepository\27_dell_coffeelake_hws_iigd_dch.inf_amd64_eaac47a9d72f8485\igd9dxva64.dll
0x00007ffd8c020000 - 0x00007ffd8c0f6000 	C:\WINDOWS\System32\OLEAUT32.dll
0x00007ffd8b2a0000 - 0x00007ffd8b70b000 	C:\WINDOWS\System32\SETUPAPI.dll
0x00007ffd89f10000 - 0x00007ffd89f5c000 	C:\WINDOWS\SYSTEM32\cfgmgr32.dll
0x00007ffd7c550000 - 0x00007ffd7c912000 	C:\WINDOWS\System32\DriverStore\FileRepository\27_dell_coffeelake_hws_iigd_dch.inf_amd64_eaac47a9d72f8485\igdgmm64.dll
0x00007ffd84ab0000 - 0x00007ffd84af4000 	C:\WINDOWS\SYSTEM32\directxdatabasehelper.dll
0x00007ffd87720000 - 0x00007ffd87754000 	C:\WINDOWS\SYSTEM32\ntmarta.dll
0x00007ffd74240000 - 0x00007ffd74282000 	C:\Users\hoang\Downloads\openjfx-17.0.0.1_windows-x64_bin-sdk\javafx-sdk-17.0.0.1\bin\glass.dll
0x00007ffd8bcf0000 - 0x00007ffd8bddc000 	C:\WINDOWS\System32\COMDLG32.dll
0x00007ffd8c9c0000 - 0x00007ffd8cade000 	C:\WINDOWS\System32\MSCTF.dll
0x00007ffd75350000 - 0x00007ffd75377000 	C:\WINDOWS\System32\DriverStore\FileRepository\27_dell_coffeelake_hws_iigd_dch.inf_amd64_eaac47a9d72f8485\igdinfo64.dll
0x00007ffd79320000 - 0x00007ffd7c53c000 	C:\WINDOWS\System32\DriverStore\FileRepository\27_dell_coffeelake_hws_iigd_dch.inf_amd64_eaac47a9d72f8485\igc64.dll
0x00007ffd782c0000 - 0x00007ffd782d4000 	C:\Users\hoang\Downloads\openjfx-17.0.0.1_windows-x64_bin-sdk\javafx-sdk-17.0.0.1\bin\javafx_font.dll

dbghelp: loaded successfully - version: 4.0.5 - missing functions: none
symbol engine: initialized successfully - sym options: 0x614 - pdb path: .;C:\Program Files\AdoptOpenJDK\jdk-11.0.11.9-hotspot\bin;C:\WINDOWS\SYSTEM32;C:\WINDOWS\WinSxS\amd64_microsoft.windows.common-controls_6595b64144ccf1df_6.0.22000.120_none_9d947278b86cc467;C:\Program Files\AdoptOpenJDK\jdk-11.0.11.9-hotspot\bin\server;C:\Users\hoang\Downloads\openjfx-17.0.0.1_windows-x64_bin-sdk\javafx-sdk-17.0.0.1\bin;C:\WINDOWS\System32\DriverStore\FileRepository\27_dell_coffeelake_hws_iigd_dch.inf_amd64_eaac47a9d72f8485

VM Arguments:
jvm_args: --module-path=C:/Users/hoang/Downloads/openjfx-17.0.0.1_windows-x64_bin-sdk/javafx-sdk-17.0.0.1/lib --add-modules=javafx.controls,javafx.fxml,javafx.base,javafx.graphics -Dfile.encoding=UTF-8 
java_command: translator.gui.App
java_class_path (initial): C:\Users\hoang\Desktop\dictionary-java\target\classes;C:\Users\hoang\.m2\repository\com\jfoenix\jfoenix\9.0.1\jfoenix-9.0.1.jar;C:\Users\hoang\.m2\repository\com\googlecode\json-simple\json-simple\1.1.1\json-simple-1.1.1.jar;C:\Users\hoang\.m2\repository\junit\junit\4.10\junit-4.10.jar;C:\Users\hoang\.m2\repository\org\hamcrest\hamcrest-core\1.1\hamcrest-core-1.1.jar;C:\Users\hoang\.m2\repository\com\google\code\gson\gson\2.8.8\gson-2.8.8.jar;C:\Users\hoang\.m2\repository\org\json\json\20210307\json-20210307.jar;C:\Users\hoang\.m2\repository\org\openjfx\javafx-controls\13\javafx-controls-13.jar;C:\Users\hoang\.m2\repository\org\openjfx\javafx-controls\13\javafx-controls-13-win.jar;C:\Users\hoang\.m2\repository\org\openjfx\javafx-graphics\13\javafx-graphics-13.jar;C:\Users\hoang\.m2\repository\org\openjfx\javafx-graphics\13\javafx-graphics-13-win.jar;C:\Users\hoang\.m2\repository\org\openjfx\javafx-base\13\javafx-base-13.jar;C:\Users\hoang\.m2\repository\org\openjfx\javafx-base\13\javafx-base-13-win.jar;C:\Users\hoang\.m2\repository\org\openjfx\javafx-fxml\13\javafx-fxml-13.jar;C:\Users\hoang\.m2\repository\org\openjfx\javafx-fxml\13\javafx-fxml-13-win.jar
Launcher Type: SUN_STANDARD

[Global flags]
     intx CICompilerCount                          = 4                                         {product} {ergonomic}
     uint ConcGCThreads                            = 2                                         {product} {ergonomic}
     uint G1ConcRefinementThreads                  = 8                                         {product} {ergonomic}
   size_t G1HeapRegionSize                         = 1048576                                   {product} {ergonomic}
    uintx GCDrainStackTargetSize                   = 64                                        {product} {ergonomic}
   size_t InitialHeapSize                          = 132120576                                 {product} {ergonomic}
   size_t MarkStackSize                            = 4194304                                   {product} {ergonomic}
   size_t MaxHeapSize                              = 2088763392                                {product} {ergonomic}
   size_t MaxNewSize                               = 1253048320                                {product} {ergonomic}
   size_t MinHeapDeltaBytes                        = 1048576                                   {product} {ergonomic}
    uintx NonNMethodCodeHeapSize                   = 5836300                                {pd product} {ergonomic}
    uintx NonProfiledCodeHeapSize                  = 122910970                              {pd product} {ergonomic}
    uintx ProfiledCodeHeapSize                     = 122910970                              {pd product} {ergonomic}
    uintx ReservedCodeCacheSize                    = 251658240                              {pd product} {ergonomic}
     bool SegmentedCodeCache                       = true                                      {product} {ergonomic}
     bool UseCompressedClassPointers               = true                                 {lp64_product} {ergonomic}
     bool UseCompressedOops                        = true                                 {lp64_product} {ergonomic}
     bool UseG1GC                                  = true                                      {product} {ergonomic}
     bool UseLargePagesIndividualAllocation        = false                                  {pd product} {ergonomic}

Logging:
Log output configuration:
 #0: stdout all=warning uptime,level,tags
 #1: stderr all=off uptime,level,tags

Environment Variables:
JAVA_HOME=C:\Program Files\AdoptOpenJDK\jdk-11.0.11.9-hotspot
PATH=C:\Program Files\AdoptOpenJDK\jdk-11.0.11.9-hotspot\bin;C:\Windows\system32;C:\Windows;C:\Windows\System32\Wbem;C:\Windows\System32\WindowsPowerShell\v1.0\;C:\Windows\System32\OpenSSH\;C:\Program Files\NVIDIA Corporation\NVIDIA NvDLISR;C:\Program Files (x86)\NVIDIA Corporation\PhysX\Common;C:\ProgramData\chocolatey\bin;C:\Program Files\Git\cmd;C:\Program Files\nodejs\;C:\WINDOWS\system32;C:\WINDOWS;C:\WINDOWS\System32\Wbem;C:\WINDOWS\System32\WindowsPowerShell\v1.0\;C:\WINDOWS\System32\OpenSSH\;C:\Program Files\PowerShell\7\;C:\Users\hoang\AppData\Local\Programs\Python\Python39\Scripts\;C:\Users\hoang\AppData\Local\Programs\Python\Python39\;C:\Users\hoang\AppData\Local\Microsoft\WindowsApps;C:\Users\hoang\AppData\Local\Programs\Microsoft VS Code\bin;C:\MinGW\bin;C:\Program Files\AdoptOpenJDK\jdk-11.0.11.9-hotspot\bin;C:\Program Files\Git\bin;C:\Users\hoang\AppData\Roaming\npm;C:\Program Files\apache-maven-3.8.1\bin;C:\tools\neovim\Neovim\bin;C:\Users\hoang\AppData\Local\coc\extensions\coc-clangd-data\install\12.0.1\clangd_12.0.1\bin;C:\Program Files\heroku\bin;C:\Program Files\javafx-sdk-17.0.0.1\bin;
USERNAME=hoang
LANG=en_US.UTF-8
OS=Windows_NT
PROCESSOR_IDENTIFIER=Intel64 Family 6 Model 158 Stepping 10, GenuineIntel



---------------  S Y S T E M  ---------------

OS: Windows 10 , 64 bit Build 22000 (10.0.22000.120)
OS uptime: 0 days 14:48 hours
Hyper-V role detected

CPU:total 8 (initial active 8) (4 cores per cpu, 2 threads per core) family 6 model 158 stepping 10 microcode 0xea, cmov, cx8, fxsr, mmx, sse, sse2, sse3, ssse3, sse4.1, sse4.2, popcnt, avx, avx2, aes, clmul, erms, 3dnowpref, lzcnt, ht, tsc, tscinvbit, bmi1, bmi2, adx, fma

Memory: 4k page, system-wide physical 7960M (351M free)
TotalPageFile size 22866M (AvailPageFile size 7M)
current process WorkingSet (physical memory assigned to process): 130M, peak: 131M
current process commit charge ("private bytes"): 269M, peak: 272M

vm_info: OpenJDK 64-Bit Server VM (11.0.11+9) for windows-amd64 JRE (11.0.11+9), built on Apr 20 2021 21:22:09 by "" with MS VC++ 15.9 (VS2017)

END.
